TN:
SF:/Users/teoslaf1/docs/rareSkills/firstWeek/echidna/lib/properties/contracts/ERC4626/ERC4626PropertyTests.sol
DA:1,0
DA:15,307
end_of_record

SF:/Users/teoslaf1/docs/rareSkills/firstWeek/echidna/lib/properties/contracts/ERC4626/properties/FunctionalAccountingProps.sol
DA:6,0
DA:11,23
DA:14,10
DA:15,4
DA:16,8
DA:17,9
DA:19,42
DA:20,1
DA:24,42
DA:25,1
DA:30,79
DA:31,90
DA:32,21
DA:33,1
DA:34,1
DA:38,42
DA:39,1
DA:43,42
DA:44,1
DA:49,10
DA:50,1
DA:51,21
DA:52,1
DA:53,1
DA:57,10
DA:58,1
DA:59,21
DA:60,1
DA:61,1
DA:70,33
DA:71,4
DA:72,8
DA:73,87
DA:74,9
DA:76,42
DA:77,1
DA:81,42
DA:82,1
DA:87,90
DA:88,21
DA:89,1
DA:90,1
DA:94,42
DA:95,1
DA:99,42
DA:100,1
DA:105,10
DA:106,1
DA:107,21
DA:108,1
DA:109,1
DA:113,10
DA:114,1
DA:115,21
DA:116,1
DA:117,1
DA:126,23
DA:129,10
DA:131,4
DA:132,8
DA:133,8
DA:135,42
DA:136,1
DA:140,42
DA:141,1
DA:146,79
DA:147,84
DA:148,21
DA:149,1
DA:150,1
DA:154,42
DA:155,1
DA:159,42
DA:160,1
DA:165,10
DA:166,1
DA:167,21
DA:168,1
DA:169,1
DA:173,11
DA:174,21
DA:175,1
DA:176,1
DA:185,23
DA:188,10
DA:190,4
DA:191,8
DA:192,8
DA:193,79
DA:195,42
DA:196,1
DA:200,42
DA:201,1
DA:206,84
DA:207,21
DA:208,1
DA:209,1
DA:213,42
DA:214,1
DA:218,42
DA:219,1
DA:224,10
DA:225,1
DA:226,21
DA:227,1
DA:228,1
DA:232,11
DA:233,21
DA:234,1
DA:235,1
end_of_record

SF:/Users/teoslaf1/docs/rareSkills/firstWeek/echidna/lib/properties/contracts/ERC4626/properties/MustNotRevertProps.sol
DA:7,0
DA:13,9
DA:14,74
DA:15,2
DA:17,0
DA:23,9
DA:24,74
DA:25,2
DA:27,0
DA:33,23
DA:35,87
DA:38,79
DA:39,8
DA:42,76
DA:44,85
DA:45,85
DA:47,81
DA:48,3
DA:50,21
DA:56,23
DA:58,86
DA:61,79
DA:64,76
DA:66,81
DA:67,3
DA:69,21
DA:73,23
DA:74,81
DA:75,2
DA:77,0
DA:81,23
DA:82,81
DA:83,2
DA:85,0
DA:89,23
DA:92,160
DA:94,81
DA:95,2
DA:97,0
DA:101,23
DA:104,160
DA:106,81
DA:107,2
DA:109,0
end_of_record

SF:/Users/teoslaf1/docs/rareSkills/firstWeek/echidna/lib/properties/contracts/ERC4626/properties/RedeemUsingApprovalProps.sol
DA:6,0
DA:12,40
DA:15,4
DA:16,4
DA:17,8
DA:18,8
DA:20,90
DA:21,41
DA:23,87
DA:26,3
DA:28,0
DA:29,0
DA:35,91
DA:36,21
DA:37,1
DA:38,1
DA:45,40
DA:48,6
DA:49,4
DA:50,8
DA:51,8
DA:53,79
DA:54,90
DA:55,41
DA:57,87
DA:60,3
DA:62,0
DA:63,0
DA:68,17
DA:71,91
DA:72,11
DA:73,17
DA:74,21
DA:75,1
DA:76,1
DA:82,24
DA:86,3
DA:87,4
DA:88,8
DA:89,8
DA:90,79
DA:91,16
DA:93,1
DA:96,10
DA:97,17
DA:98,90
DA:100,60
DA:103,0
DA:104,0
DA:105,0
DA:112,24
DA:116,2
DA:117,4
DA:118,8
DA:119,8
DA:120,16
DA:122,1
DA:125,10
DA:126,17
DA:127,90
DA:129,60
DA:132,0
DA:133,0
DA:134,0
end_of_record

SF:/Users/teoslaf1/docs/rareSkills/firstWeek/echidna/lib/properties/contracts/ERC4626/properties/RoundingProps.sol
DA:6,0
DA:11,9
DA:12,14
DA:13,79
DA:14,21
DA:15,1
DA:16,1
DA:22,23
DA:23,14
DA:24,10
DA:25,87
DA:26,21
DA:27,1
DA:28,1
DA:34,9
DA:35,14
DA:37,79
DA:38,21
DA:39,1
DA:40,1
DA:46,9
DA:47,14
DA:48,79
DA:49,21
DA:50,1
DA:51,1
DA:57,23
DA:58,14
DA:59,10
DA:60,87
DA:61,21
DA:62,1
DA:63,1
DA:69,9
DA:70,14
DA:72,79
DA:73,21
DA:74,1
DA:75,1
DA:82,24
DA:83,14
DA:84,87
DA:85,79
DA:86,21
DA:87,1
DA:88,1
DA:95,24
DA:96,14
DA:97,87
DA:98,79
DA:99,21
DA:100,1
DA:101,1
DA:107,5
DA:108,14
DA:109,59
DA:110,0
DA:114,23
DA:115,14
DA:116,10
DA:117,90
DA:119,23
DA:123,23
DA:124,14
DA:125,10
DA:126,89
DA:127,1
DA:128,1
DA:129,1
DA:132,23
DA:136,5
DA:137,14
DA:138,61
DA:139,0
end_of_record

SF:/Users/teoslaf1/docs/rareSkills/firstWeek/echidna/lib/properties/contracts/ERC4626/properties/SecurityProps.sol
DA:5,0
DA:7,8
DA:8,25
DA:9,70
DA:10,69
DA:16,23
DA:19,8
DA:21,4
DA:23,78
DA:24,74
DA:27,10
DA:28,11
DA:29,4
DA:31,6
DA:33,82
DA:35,6
DA:36,74
DA:39,97
DA:42,70
DA:43,55
DA:45,17
DA:46,80
DA:47,17
DA:48,88
DA:49,16
DA:51,1
DA:54,11
DA:55,17
DA:57,17
DA:58,1
DA:60,17
DA:61,17
DA:62,21
DA:63,1
DA:64,1
end_of_record

SF:/Users/teoslaf1/docs/rareSkills/firstWeek/echidna/lib/properties/contracts/ERC4626/properties/SenderIndependentProps.sol
DA:5,0
DA:10,25
DA:11,4
DA:12,79
DA:13,72
DA:14,79
DA:15,21
DA:16,1
DA:17,1
DA:23,25
DA:24,4
DA:25,79
DA:26,72
DA:27,79
DA:28,21
DA:29,1
DA:30,1
DA:36,23
DA:39,3
DA:40,4
DA:41,87
DA:42,6
DA:44,79
DA:45,21
DA:46,1
DA:47,1
DA:53,25
DA:54,4
DA:55,87
DA:56,6
DA:58,79
DA:59,21
DA:60,1
DA:61,1
DA:67,25
DA:68,4
DA:69,87
DA:70,6
DA:72,88
DA:74,87
DA:75,21
DA:76,1
DA:77,1
DA:82,165
DA:86,26
DA:87,4
DA:88,87
DA:90,79
DA:91,6
DA:93,88
DA:95,87
DA:96,21
DA:97,1
DA:98,1
DA:103,165
end_of_record

SF:/Users/teoslaf1/docs/rareSkills/firstWeek/echidna/lib/properties/contracts/ERC4626/properties/VaultProxy.sol
DA:6,0
DA:7,22
DA:8,14
DA:9,78
DA:10,70
DA:13,22
DA:14,14
DA:15,78
DA:16,70
DA:20,22
DA:21,72
DA:22,90
DA:23,88
DA:26,22
DA:27,83
DA:28,90
DA:32,24
DA:33,8
DA:34,88
DA:37,24
DA:41,2
DA:42,8
DA:43,8
DA:44,90
DA:47,24
DA:48,8
DA:49,88
DA:52,24
DA:56,2
DA:57,8
DA:58,8
DA:59,90
DA:62,24
DA:63,8
DA:64,72
end_of_record

SF:/Users/teoslaf1/docs/rareSkills/firstWeek/echidna/lib/properties/contracts/ERC4626/util/Actor.sol
DA:13,83
DA:20,31
DA:21,21
DA:22,79
DA:25,4
DA:29,19
DA:30,19
DA:33,4
DA:37,21
DA:38,1
DA:39,2
DA:42,21
DA:43,1
DA:44,2
DA:47,19
DA:48,19
DA:51,22
DA:52,71
DA:55,8
DA:56,90
DA:59,38
DA:61,1
DA:62,81
DA:63,6
DA:66,0
DA:68,0
DA:69,0
DA:70,0
DA:73,0
DA:75,0
DA:76,0
DA:77,0
DA:80,38
DA:82,1
DA:83,90
DA:84,6
DA:87,0
DA:90,0
DA:91,0
DA:94,0
DA:97,0
DA:98,0
DA:101,0
DA:104,0
DA:105,0
DA:106,0
DA:109,0
DA:112,0
DA:113,0
DA:114,0
end_of_record

SF:/Users/teoslaf1/docs/rareSkills/firstWeek/echidna/lib/properties/contracts/ERC4626/util/ERC4626PropertyTestBase.sol
DA:12,0
DA:24,5
DA:29,21
DA:30,21
DA:31,60
DA:32,60
DA:33,60
DA:34,21
DA:38,4
DA:39,72
DA:40,76
DA:47,8
DA:51,4
DA:52,78
DA:53,78
DA:55,3
DA:56,25
DA:58,19
DA:59,3
DA:60,25
DA:62,19
DA:66,6
DA:68,1
DA:70,10
DA:71,6
DA:72,5
DA:74,6
DA:75,5
DA:77,3
DA:83,7
DA:87,1
DA:88,83
DA:89,8
DA:90,6
DA:93,87
DA:94,79
DA:95,92
DA:97,17
DA:100,85
DA:101,5
DA:107,7
DA:111,1
DA:112,83
DA:113,79
DA:114,6
DA:117,79
DA:118,92
DA:119,17
DA:123,5
DA:129,6
DA:132,1
DA:134,10
DA:136,79
DA:137,10
DA:138,79
DA:139,6
DA:141,8
DA:142,8
DA:145,87
DA:146,77
DA:148,10
DA:149,17
DA:150,6
DA:156,6
DA:159,1
DA:160,87
DA:161,10
DA:163,79
DA:164,6
DA:166,87
DA:167,83
DA:168,7
DA:171,79
DA:172,7
DA:174,10
DA:177,17
DA:178,7
end_of_record

SF:/Users/teoslaf1/docs/rareSkills/firstWeek/echidna/lib/properties/contracts/ERC4626/util/IERC4626Internal.sol
end_of_record

SF:/Users/teoslaf1/docs/rareSkills/firstWeek/echidna/lib/properties/contracts/ERC4626/util/RedemptionProxy.sol
DA:6,42
DA:9,31
DA:10,21
DA:13,40
DA:17,1
DA:18,90
DA:21,40
DA:25,1
DA:26,90
end_of_record

SF:/Users/teoslaf1/docs/rareSkills/firstWeek/echidna/lib/properties/contracts/ERC4626/util/TestERC20Token.sol
DA:6,93
DA:7,0
DA:8,0
DA:9,34
DA:10,25
DA:11,51
DA:12,0
DA:14,33
DA:15,11
DA:16,11
DA:17,21
DA:20,40
DA:21,40
DA:23,23
DA:24,3
DA:27,40
DA:28,36
DA:29,36
DA:31,23
DA:32,3
DA:35,40
DA:39,1
DA:40,39
DA:41,6
DA:42,47
DA:45,36
DA:46,36
DA:48,23
DA:49,4
DA:52,23
DA:53,19
DA:54,36
DA:56,23
DA:59,23
DA:60,19
DA:61,36
DA:63,23
DA:66,24
DA:71,40
DA:72,23
end_of_record

SF:/Users/teoslaf1/docs/rareSkills/firstWeek/echidna/lib/properties/contracts/util/IERC20.sol
end_of_record

SF:/Users/teoslaf1/docs/rareSkills/firstWeek/echidna/lib/properties/contracts/util/IERC4626.sol
end_of_record

SF:/Users/teoslaf1/docs/rareSkills/firstWeek/echidna/lib/properties/contracts/util/PropertiesHelper.sol
DA:17,1
DA:18,3
DA:19,17
DA:20,6
DA:25,5
DA:26,6
DA:27,8
DA:28,8
DA:29,27
DA:31,1
DA:33,1
DA:35,1
DA:37,17
DA:38,6
DA:61,5
DA:62,6
DA:63,0
DA:64,0
DA:65,0
DA:67,0
DA:69,0
DA:71,0
DA:73,0
DA:74,0
DA:97,5
DA:98,7
DA:99,0
DA:100,0
DA:101,0
DA:103,0
DA:105,0
DA:107,0
DA:109,0
DA:110,0
DA:133,5
DA:134,6
DA:135,0
DA:136,0
DA:137,0
DA:139,0
DA:141,0
DA:143,0
DA:145,0
DA:146,0
DA:169,5
DA:170,7
DA:171,0
DA:172,0
DA:173,0
DA:175,0
DA:177,0
DA:179,0
DA:181,0
DA:182,0
DA:329,8
DA:330,7
DA:331,18
DA:332,8
DA:333,8
DA:334,26
DA:336,1
DA:338,1
DA:340,17
DA:341,9
DA:343,3
DA:365,8
DA:366,6
DA:367,21
DA:368,1
DA:369,1
DA:372,11
DA:373,8
DA:374,8
DA:375,26
DA:377,1
DA:379,1
DA:381,17
DA:382,9
DA:384,3
DA:448,0
DA:458,6
DA:460,3
DA:464,4
DA:467,3
DA:470,5
DA:473,3
DA:476,1
DA:481,9
DA:483,5
DA:487,7
DA:490,5
DA:493,2
DA:497,3
DA:500,5
DA:503,3
end_of_record

SF:/Users/teoslaf1/docs/rareSkills/firstWeek/echidna/lib/solmate/src/tokens/ERC20.sol
DA:21,0
DA:23,0
DA:25,24
DA:31,25
DA:33,51
DA:35,60
DA:45,0
DA:51,3
DA:56,11
DA:57,11
DA:58,11
DA:60,7
DA:61,14
DA:68,40
DA:69,40
DA:71,23
DA:73,3
DA:76,0
DA:77,0
DA:82,0
DA:85,0
DA:87,0
DA:90,0
DA:94,0
DA:95,0
DA:97,0
DA:99,0
DA:104,0
DA:107,0
DA:109,0
DA:116,0
DA:125,0
DA:129,0
DA:130,0
DA:131,0
DA:132,0
DA:134,0
DA:135,0
DA:136,0
DA:137,0
DA:140,0
DA:141,0
DA:142,0
DA:143,0
DA:144,0
DA:149,0
DA:150,0
DA:151,0
DA:154,0
DA:156,0
DA:159,0
DA:162,0
DA:163,0
DA:166,4
DA:167,2
DA:168,6
DA:169,26
DA:170,1
DA:171,16
DA:172,1
DA:173,1
DA:174,1
DA:183,4
DA:184,19
DA:189,31
DA:192,23
DA:195,4
DA:196,36
DA:201,14
DA:204,23
end_of_record

SF:/Users/teoslaf1/docs/rareSkills/firstWeek/echidna/lib/solmate/src/tokens/ERC4626.sol
DA:32,24
DA:34,3
DA:38,61
DA:39,11
DA:46,40
DA:48,32
DA:51,17
DA:53,6
DA:55,25
DA:57,6
DA:60,40
DA:61,7
DA:64,17
DA:66,6
DA:68,25
DA:70,6
DA:73,40
DA:77,1
DA:78,7
DA:80,11
DA:81,39
DA:83,53
DA:86,6
DA:88,6
DA:90,28
DA:92,15
DA:95,40
DA:99,1
DA:100,11
DA:101,39
DA:103,53
DA:107,32
DA:109,6
DA:111,6
DA:113,28
DA:115,15
DA:124,39
DA:125,5
DA:127,29
DA:130,39
DA:131,5
DA:133,29
DA:136,39
DA:137,7
DA:140,39
DA:141,5
DA:143,29
DA:146,39
DA:147,5
DA:149,29
DA:152,39
DA:153,7
DA:160,39
DA:161,3
DA:164,39
DA:165,3
DA:168,39
DA:169,25
DA:172,39
DA:173,21
end_of_record

SF:/Users/teoslaf1/docs/rareSkills/firstWeek/echidna/lib/solmate/src/utils/FixedPointMathLib.sol
DA:7,0
DA:36,7
DA:40,1
DA:44,13
DA:45,3
DA:49,7
DA:53,7
DA:57,1
DA:61,13
DA:62,3
DA:67,15
end_of_record

SF:/Users/teoslaf1/docs/rareSkills/firstWeek/echidna/lib/solmate/src/utils/SafeTransferLib.sol
DA:9,0
DA:30,6
DA:35,1
DA:36,1
DA:39,1
DA:41,2
DA:44,3
DA:45,7
DA:46,7
DA:47,5
DA:51,10
DA:55,15
DA:56,0
DA:60,23
DA:63,5
DA:67,1
DA:68,1
DA:71,1
DA:73,2
DA:76,3
DA:77,7
DA:78,5
DA:82,10
DA:86,15
DA:87,0
DA:91,4
end_of_record

SF:/Users/teoslaf1/docs/rareSkills/firstWeek/echidna/src/Vault.sol
DA:8,0
DA:9,6
DA:13,24
DA:14,4
DA:17,4
DA:18,14
DA:21,4
DA:22,14
end_of_record

SF:/Users/teoslaf1/docs/rareSkills/firstWeek/echidna/test/CryticERC4626Harness.sol
DA:14,273
DA:15,33
DA:16,3
DA:18,22
DA:19,61
DA:20,19
DA:22,22
DA:23,61
DA:24,19
DA:27,339
DA:28,9
DA:29,33
DA:30,33
DA:31,11
end_of_record

