TN:
SF:/Users/teoslaf1/docs/rareSkills/firstWeek/recon/lib/chimera/src/Asserts.sol
DA:1,0
end_of_record

SF:/Users/teoslaf1/docs/rareSkills/firstWeek/recon/lib/chimera/src/BaseProperties.sol
end_of_record

SF:/Users/teoslaf1/docs/rareSkills/firstWeek/recon/lib/chimera/src/BaseSetup.sol
end_of_record

SF:/Users/teoslaf1/docs/rareSkills/firstWeek/recon/lib/chimera/src/BaseTargetFunctions.sol
end_of_record

SF:/Users/teoslaf1/docs/rareSkills/firstWeek/recon/lib/chimera/src/CryticAsserts.sol
DA:6,0
DA:44,0
DA:45,0
DA:46,0
DA:47,0
end_of_record

SF:/Users/teoslaf1/docs/rareSkills/firstWeek/recon/lib/chimera/src/FoundryAsserts.sol
DA:7,0
DA:28,0
DA:29,0
end_of_record

SF:/Users/teoslaf1/docs/rareSkills/firstWeek/recon/lib/chimera/src/Hevm.sol
DA:61,12
end_of_record

SF:/Users/teoslaf1/docs/rareSkills/firstWeek/recon/lib/forge-std/src/Base.sol
end_of_record

SF:/Users/teoslaf1/docs/rareSkills/firstWeek/recon/lib/forge-std/src/StdAssertions.sol
DA:7,0
DA:35,0
DA:39,0
DA:40,0
DA:41,0
DA:43,0
DA:63,0
DA:64,0
DA:65,0
end_of_record

SF:/Users/teoslaf1/docs/rareSkills/firstWeek/recon/lib/forge-std/src/StdChains.sol
DA:66,0
end_of_record

SF:/Users/teoslaf1/docs/rareSkills/firstWeek/recon/lib/forge-std/src/StdCheats.sol
end_of_record

SF:/Users/teoslaf1/docs/rareSkills/firstWeek/recon/lib/forge-std/src/StdConstants.sol
DA:7,0
end_of_record

SF:/Users/teoslaf1/docs/rareSkills/firstWeek/recon/lib/forge-std/src/StdError.sol
DA:5,0
DA:6,0
DA:7,0
DA:8,0
DA:9,0
DA:10,0
DA:11,0
DA:12,0
DA:13,0
DA:14,0
end_of_record

SF:/Users/teoslaf1/docs/rareSkills/firstWeek/recon/lib/forge-std/src/StdInvariant.sol
DA:62,0
DA:63,0
DA:81,0
DA:82,0
DA:85,0
DA:86,0
DA:89,0
DA:90,0
DA:93,0
DA:94,0
DA:97,0
DA:98,0
DA:101,0
DA:102,0
DA:105,0
DA:106,0
DA:109,0
DA:110,0
DA:113,0
DA:114,0
DA:117,0
DA:118,0
end_of_record

SF:/Users/teoslaf1/docs/rareSkills/firstWeek/recon/lib/forge-std/src/StdJson.sol
DA:23,0
end_of_record

SF:/Users/teoslaf1/docs/rareSkills/firstWeek/recon/lib/forge-std/src/StdMath.sol
DA:4,0
end_of_record

SF:/Users/teoslaf1/docs/rareSkills/firstWeek/recon/lib/forge-std/src/StdStorage.sol
DA:24,0
DA:337,0
end_of_record

SF:/Users/teoslaf1/docs/rareSkills/firstWeek/recon/lib/forge-std/src/StdStyle.sol
DA:6,0
end_of_record

SF:/Users/teoslaf1/docs/rareSkills/firstWeek/recon/lib/forge-std/src/StdToml.sol
DA:23,0
end_of_record

SF:/Users/teoslaf1/docs/rareSkills/firstWeek/recon/lib/forge-std/src/StdUtils.sol
end_of_record

SF:/Users/teoslaf1/docs/rareSkills/firstWeek/recon/lib/forge-std/src/Test.sol
DA:31,0
end_of_record

SF:/Users/teoslaf1/docs/rareSkills/firstWeek/recon/lib/forge-std/src/Vm.sol
end_of_record

SF:/Users/teoslaf1/docs/rareSkills/firstWeek/recon/lib/forge-std/src/console.sol
DA:4,0
end_of_record

SF:/Users/teoslaf1/docs/rareSkills/firstWeek/recon/lib/forge-std/src/console2.sol
end_of_record

SF:/Users/teoslaf1/docs/rareSkills/firstWeek/recon/lib/forge-std/src/interfaces/IMulticall3.sol
end_of_record

SF:/Users/teoslaf1/docs/rareSkills/firstWeek/recon/lib/forge-std/src/safeconsole.sol
DA:6,0
end_of_record

SF:/Users/teoslaf1/docs/rareSkills/firstWeek/recon/lib/setup-helpers/src/ActorManager.sol
DA:30,14
DA:31,21
DA:35,4
DA:36,13
DA:76,6
DA:77,13
DA:78,21
end_of_record

SF:/Users/teoslaf1/docs/rareSkills/firstWeek/recon/lib/setup-helpers/src/AssetManager.sol
DA:29,4
DA:30,20
DA:31,15
DA:34,13
DA:45,6
DA:46,33
DA:47,5
DA:48,21
DA:49,4
DA:54,3
DA:55,15
DA:56,0
DA:59,12
DA:75,4
DA:76,14
DA:77,21
end_of_record

SF:/Users/teoslaf1/docs/rareSkills/firstWeek/recon/lib/setup-helpers/src/EnumerableSet.sol
DA:41,0
DA:65,16
DA:66,20
DA:67,72
DA:70,54
DA:71,10
DA:73,0
DA:120,14
DA:121,44
DA:141,7
DA:142,24
DA:243,14
DA:244,32
DA:260,7
DA:261,14
DA:281,7
DA:282,12
end_of_record

SF:/Users/teoslaf1/docs/rareSkills/firstWeek/recon/lib/setup-helpers/src/MockERC20.sol
DA:34,0
DA:36,0
DA:38,0
DA:44,0
DA:46,0
DA:48,0
DA:58,0
DA:64,3
DA:65,11
DA:66,11
DA:67,11
DA:69,7
DA:70,14
DA:77,40
DA:78,40
DA:80,23
DA:82,3
DA:85,0
DA:86,0
DA:87,0
DA:89,0
DA:94,0
DA:97,0
DA:99,0
DA:102,0
DA:103,0
DA:104,0
DA:106,0
DA:107,0
DA:108,0
DA:111,0
DA:112,0
DA:117,0
DA:120,0
DA:122,0
DA:129,0
DA:133,0
DA:137,0
DA:138,0
DA:139,0
DA:140,0
DA:142,0
DA:143,0
DA:144,0
DA:145,0
DA:148,0
DA:149,0
DA:150,0
DA:151,0
DA:152,0
DA:157,0
DA:158,0
DA:159,0
DA:162,0
DA:164,0
DA:167,0
DA:170,0
DA:171,0
DA:174,4
DA:175,8
DA:176,26
DA:177,1
DA:178,16
DA:179,1
DA:180,1
DA:181,1
DA:190,5
DA:191,12
DA:192,8
DA:193,6
DA:198,31
DA:201,23
DA:204,0
DA:205,0
DA:206,0
DA:208,0
DA:213,0
DA:216,0
DA:220,92
DA:221,36
DA:223,23
DA:224,6
DA:227,0
DA:228,0
end_of_record

SF:/Users/teoslaf1/docs/rareSkills/firstWeek/recon/lib/setup-helpers/src/Panic.sol
DA:4,0
end_of_record

SF:/Users/teoslaf1/docs/rareSkills/firstWeek/recon/lib/setup-helpers/src/Utils.sol
DA:6,0
end_of_record

SF:/Users/teoslaf1/docs/rareSkills/firstWeek/recon/lib/solmate/src/tokens/ERC20.sol
DA:21,0
DA:23,0
DA:25,24
DA:31,25
DA:33,0
DA:35,0
DA:45,0
DA:51,3
DA:56,11
DA:57,11
DA:58,11
DA:60,7
DA:61,14
DA:68,40
DA:69,40
DA:71,23
DA:73,3
DA:76,40
DA:77,36
DA:82,31
DA:85,23
DA:87,3
DA:90,40
DA:94,1
DA:95,39
DA:97,53
DA:99,36
DA:104,31
DA:107,23
DA:109,4
DA:116,18
DA:125,26
DA:129,0
DA:130,52
DA:131,6
DA:132,23
DA:134,4
DA:135,6
DA:136,27
DA:137,1
DA:140,1
DA:141,1
DA:142,1
DA:143,31
DA:144,1
DA:149,1
DA:150,1
DA:151,1
DA:154,42
DA:156,0
DA:159,0
DA:162,4
DA:163,10
DA:166,4
DA:167,2
DA:168,6
DA:169,26
DA:170,1
DA:171,16
DA:172,1
DA:173,1
DA:174,1
DA:183,4
DA:184,19
DA:189,31
DA:192,23
DA:195,4
DA:196,36
DA:201,14
DA:204,23
end_of_record

SF:/Users/teoslaf1/docs/rareSkills/firstWeek/recon/lib/solmate/src/tokens/ERC4626.sol
DA:32,0
DA:34,3
DA:38,61
DA:39,11
DA:46,19
DA:48,32
DA:51,16
DA:53,0
DA:55,0
DA:57,0
DA:60,40
DA:61,7
DA:64,17
DA:66,6
DA:68,25
DA:70,6
DA:73,40
DA:77,1
DA:78,7
DA:80,11
DA:81,39
DA:83,53
DA:86,6
DA:88,6
DA:90,28
DA:92,15
DA:95,18
DA:99,1
DA:100,11
DA:101,39
DA:103,53
DA:107,32
DA:109,6
DA:111,5
DA:113,0
DA:115,0
DA:124,6
DA:125,5
DA:127,11
DA:130,39
DA:131,5
DA:133,11
DA:136,6
DA:137,7
DA:140,6
DA:141,5
DA:143,11
DA:146,6
DA:147,5
DA:149,11
DA:152,6
DA:153,7
DA:160,0
DA:161,0
DA:164,0
DA:165,0
DA:168,0
DA:169,0
DA:172,0
DA:173,0
end_of_record

SF:/Users/teoslaf1/docs/rareSkills/firstWeek/recon/lib/solmate/src/utils/FixedPointMathLib.sol
DA:7,0
DA:36,0
DA:40,0
DA:44,0
DA:45,0
DA:49,0
DA:53,0
DA:57,0
DA:61,0
DA:62,0
DA:67,0
end_of_record

SF:/Users/teoslaf1/docs/rareSkills/firstWeek/recon/lib/solmate/src/utils/SafeTransferLib.sol
DA:9,0
DA:30,6
DA:35,1
DA:36,1
DA:39,1
DA:41,2
DA:44,3
DA:45,7
DA:46,7
DA:47,5
DA:51,10
DA:55,15
DA:56,0
DA:60,23
DA:63,5
DA:67,1
DA:68,1
DA:71,1
DA:73,2
DA:76,3
DA:77,7
DA:78,5
DA:82,10
DA:86,15
DA:87,0
DA:91,4
end_of_record

SF:/Users/teoslaf1/docs/rareSkills/firstWeek/recon/src/vault.sol
DA:8,102
DA:9,36
DA:11,23
DA:12,6
DA:16,227
DA:17,36
DA:21,24
DA:22,4
DA:25,4
DA:26,14
DA:29,4
DA:30,14
DA:33,22
DA:34,61
DA:35,19
DA:38,22
DA:39,61
DA:41,19
end_of_record

SF:/Users/teoslaf1/docs/rareSkills/firstWeek/recon/test/recon/BeforeAfter.sol
DA:16,8
DA:18,8
DA:21,2
DA:25,2
end_of_record

SF:/Users/teoslaf1/docs/rareSkills/firstWeek/recon/test/recon/CryticTester.sol
DA:10,152
DA:12,8
end_of_record

SF:/Users/teoslaf1/docs/rareSkills/firstWeek/recon/test/recon/CryticToFoundry.sol
DA:13,0
DA:14,0
DA:15,0
DA:17,0
DA:21,0
end_of_record

SF:/Users/teoslaf1/docs/rareSkills/firstWeek/recon/test/recon/Properties.sol
DA:11,7
DA:12,13
DA:19,4
DA:20,13
DA:28,0
DA:29,0
DA:36,23
DA:38,4
DA:41,68
DA:42,8
DA:45,69
DA:47,78
DA:48,78
DA:50,74
DA:51,3
DA:53,0
end_of_record

SF:/Users/teoslaf1/docs/rareSkills/firstWeek/recon/test/recon/Setup.sol
DA:22,2
DA:23,50
DA:24,60
DA:31,51
DA:36,594
end_of_record

SF:/Users/teoslaf1/docs/rareSkills/firstWeek/recon/test/recon/TargetFunctions.sol
end_of_record

SF:/Users/teoslaf1/docs/rareSkills/firstWeek/recon/test/recon/targets/AdminTargets.sol
end_of_record

SF:/Users/teoslaf1/docs/rareSkills/firstWeek/recon/test/recon/targets/DoomsdayTargets.sol
end_of_record

SF:/Users/teoslaf1/docs/rareSkills/firstWeek/recon/test/recon/targets/ERC4626MockTargets.sol
DA:24,23
DA:25,80
DA:28,18
DA:29,58
DA:32,23
DA:33,88
DA:36,18
DA:37,77
DA:40,22
DA:41,70
DA:44,22
DA:45,70
DA:48,18
DA:49,60
DA:52,23
DA:53,88
DA:56,24
DA:57,90
DA:60,24
DA:61,90
end_of_record

SF:/Users/teoslaf1/docs/rareSkills/firstWeek/recon/test/recon/targets/ManagersTargets.sol
DA:22,22
DA:23,6
DA:28,22
DA:29,5
DA:33,39
DA:34,8
DA:35,4
DA:44,23
DA:45,73
DA:49,23
DA:50,57
end_of_record

