TN:
SF:lib/forge-std/src/StdAssertions.sol
DA:39,0
FN:39,StdAssertions.failed
FNDA:0,StdAssertions.failed
DA:40,0
BRDA:40,0,0,-
BRDA:40,0,1,-
DA:41,0
DA:43,0
DA:47,0
FN:47,StdAssertions.fail
FNDA:0,StdAssertions.fail
DA:48,0
DA:49,0
DA:52,0
FN:52,StdAssertions.fail
FNDA:0,StdAssertions.fail
DA:53,0
DA:54,0
DA:57,0
FN:57,StdAssertions.assertTrue
FNDA:0,StdAssertions.assertTrue
DA:58,0
BRDA:58,1,0,-
DA:59,0
DA:63,0
FN:63,StdAssertions.assertTrue
FNDA:0,StdAssertions.assertTrue
DA:64,0
BRDA:64,2,0,-
DA:65,0
DA:69,0
FN:69,StdAssertions.assertFalse
FNDA:0,StdAssertions.assertFalse
DA:70,0
BRDA:70,3,0,-
DA:71,0
DA:75,0
FN:75,StdAssertions.assertFalse
FNDA:0,StdAssertions.assertFalse
DA:76,0
BRDA:76,4,0,-
DA:77,0
DA:81,0
FN:81,StdAssertions.assertEq
FNDA:0,StdAssertions.assertEq
DA:82,0
BRDA:82,5,0,-
DA:83,0
DA:87,0
FN:87,StdAssertions.assertEq
FNDA:0,StdAssertions.assertEq
DA:88,0
BRDA:88,6,0,-
DA:89,0
DA:93,0
FN:93,StdAssertions.assertEq
FNDA:0,StdAssertions.assertEq
DA:94,0
BRDA:94,7,0,-
DA:95,0
DA:99,0
FN:99,StdAssertions.assertEq
FNDA:0,StdAssertions.assertEq
DA:100,0
BRDA:100,8,0,-
DA:101,0
DA:105,0
FN:105,StdAssertions.assertEqDecimal
FNDA:0,StdAssertions.assertEqDecimal
DA:106,0
DA:109,0
FN:109,StdAssertions.assertEqDecimal
FNDA:0,StdAssertions.assertEqDecimal
DA:110,0
DA:113,0
FN:113,StdAssertions.assertEq
FNDA:0,StdAssertions.assertEq
DA:114,0
BRDA:114,9,0,-
DA:115,0
DA:119,0
FN:119,StdAssertions.assertEq
FNDA:0,StdAssertions.assertEq
DA:120,0
BRDA:120,10,0,-
DA:121,0
DA:125,0
FN:125,StdAssertions.assertEqDecimal
FNDA:0,StdAssertions.assertEqDecimal
DA:126,0
DA:129,0
FN:129,StdAssertions.assertEqDecimal
FNDA:0,StdAssertions.assertEqDecimal
DA:130,0
DA:133,0
FN:133,StdAssertions.assertEq
FNDA:0,StdAssertions.assertEq
DA:134,0
BRDA:134,11,0,-
DA:135,0
DA:139,0
FN:139,StdAssertions.assertEq
FNDA:0,StdAssertions.assertEq
DA:140,0
BRDA:140,12,0,-
DA:141,0
DA:145,0
FN:145,StdAssertions.assertEq
FNDA:0,StdAssertions.assertEq
DA:146,0
BRDA:146,13,0,-
DA:147,0
DA:151,0
FN:151,StdAssertions.assertEq
FNDA:0,StdAssertions.assertEq
DA:152,0
BRDA:152,14,0,-
DA:153,0
DA:157,0
FN:157,StdAssertions.assertEq32
FNDA:0,StdAssertions.assertEq32
DA:158,0
BRDA:158,15,0,-
DA:159,0
DA:163,0
FN:163,StdAssertions.assertEq32
FNDA:0,StdAssertions.assertEq32
DA:164,0
BRDA:164,16,0,-
DA:165,0
DA:169,0
FN:169,StdAssertions.assertEq
FNDA:0,StdAssertions.assertEq
DA:170,0
DA:173,0
FN:173,StdAssertions.assertEq
FNDA:0,StdAssertions.assertEq
DA:174,0
DA:177,0
FN:177,StdAssertions.assertEq
FNDA:0,StdAssertions.assertEq
DA:178,0
DA:181,0
FN:181,StdAssertions.assertEq
FNDA:0,StdAssertions.assertEq
DA:182,0
DA:185,0
FN:185,StdAssertions.assertEq
FNDA:0,StdAssertions.assertEq
DA:186,0
DA:189,0
FN:189,StdAssertions.assertEq
FNDA:0,StdAssertions.assertEq
DA:190,0
DA:193,0
FN:193,StdAssertions.assertEq
FNDA:0,StdAssertions.assertEq
DA:194,0
DA:197,0
FN:197,StdAssertions.assertEq
FNDA:0,StdAssertions.assertEq
DA:198,0
DA:201,0
FN:201,StdAssertions.assertEq
FNDA:0,StdAssertions.assertEq
DA:202,0
DA:205,0
FN:205,StdAssertions.assertEq
FNDA:0,StdAssertions.assertEq
DA:206,0
DA:209,0
FN:209,StdAssertions.assertEq
FNDA:0,StdAssertions.assertEq
DA:210,0
DA:213,0
FN:213,StdAssertions.assertEq
FNDA:0,StdAssertions.assertEq
DA:214,0
DA:217,0
FN:217,StdAssertions.assertEq
FNDA:0,StdAssertions.assertEq
DA:218,0
DA:221,0
FN:221,StdAssertions.assertEq
FNDA:0,StdAssertions.assertEq
DA:222,0
DA:225,0
FN:225,StdAssertions.assertEq
FNDA:0,StdAssertions.assertEq
DA:226,0
DA:229,0
FN:229,StdAssertions.assertEq
FNDA:0,StdAssertions.assertEq
DA:230,0
DA:233,0
FN:233,StdAssertions.assertEq
FNDA:0,StdAssertions.assertEq
DA:234,0
DA:237,0
FN:237,StdAssertions.assertEq
FNDA:0,StdAssertions.assertEq
DA:238,0
DA:242,0
FN:242,StdAssertions.assertEqUint
FNDA:0,StdAssertions.assertEqUint
DA:243,0
DA:246,0
FN:246,StdAssertions.assertNotEq
FNDA:0,StdAssertions.assertNotEq
DA:247,0
BRDA:247,17,0,-
DA:248,0
DA:252,0
FN:252,StdAssertions.assertNotEq
FNDA:0,StdAssertions.assertNotEq
DA:253,0
BRDA:253,18,0,-
DA:254,0
DA:258,0
FN:258,StdAssertions.assertNotEq
FNDA:0,StdAssertions.assertNotEq
DA:259,0
BRDA:259,19,0,-
DA:260,0
DA:264,0
FN:264,StdAssertions.assertNotEq
FNDA:0,StdAssertions.assertNotEq
DA:265,0
BRDA:265,20,0,-
DA:266,0
DA:270,0
FN:270,StdAssertions.assertNotEqDecimal
FNDA:0,StdAssertions.assertNotEqDecimal
DA:271,0
DA:274,0
FN:274,StdAssertions.assertNotEqDecimal
FNDA:0,StdAssertions.assertNotEqDecimal
DA:279,0
DA:282,0
FN:282,StdAssertions.assertNotEq
FNDA:0,StdAssertions.assertNotEq
DA:283,0
BRDA:283,21,0,-
DA:284,0
DA:288,0
FN:288,StdAssertions.assertNotEq
FNDA:0,StdAssertions.assertNotEq
DA:289,0
BRDA:289,22,0,-
DA:290,0
DA:294,0
FN:294,StdAssertions.assertNotEqDecimal
FNDA:0,StdAssertions.assertNotEqDecimal
DA:295,0
DA:298,0
FN:298,StdAssertions.assertNotEqDecimal
FNDA:0,StdAssertions.assertNotEqDecimal
DA:299,0
DA:302,0
FN:302,StdAssertions.assertNotEq
FNDA:0,StdAssertions.assertNotEq
DA:303,0
BRDA:303,23,0,-
DA:304,0
DA:308,0
FN:308,StdAssertions.assertNotEq
FNDA:0,StdAssertions.assertNotEq
DA:309,0
BRDA:309,24,0,-
DA:310,0
DA:314,0
FN:314,StdAssertions.assertNotEq
FNDA:0,StdAssertions.assertNotEq
DA:315,0
BRDA:315,25,0,-
DA:316,0
DA:320,0
FN:320,StdAssertions.assertNotEq
FNDA:0,StdAssertions.assertNotEq
DA:321,0
BRDA:321,26,0,-
DA:322,0
DA:326,0
FN:326,StdAssertions.assertNotEq32
FNDA:0,StdAssertions.assertNotEq32
DA:327,0
BRDA:327,27,0,-
DA:328,0
DA:332,0
FN:332,StdAssertions.assertNotEq32
FNDA:0,StdAssertions.assertNotEq32
DA:333,0
BRDA:333,28,0,-
DA:334,0
DA:338,0
FN:338,StdAssertions.assertNotEq
FNDA:0,StdAssertions.assertNotEq
DA:339,0
DA:342,0
FN:342,StdAssertions.assertNotEq
FNDA:0,StdAssertions.assertNotEq
DA:343,0
DA:346,0
FN:346,StdAssertions.assertNotEq
FNDA:0,StdAssertions.assertNotEq
DA:347,0
DA:350,0
FN:350,StdAssertions.assertNotEq
FNDA:0,StdAssertions.assertNotEq
DA:351,0
DA:354,0
FN:354,StdAssertions.assertNotEq
FNDA:0,StdAssertions.assertNotEq
DA:355,0
DA:358,0
FN:358,StdAssertions.assertNotEq
FNDA:0,StdAssertions.assertNotEq
DA:359,0
DA:362,0
FN:362,StdAssertions.assertNotEq
FNDA:0,StdAssertions.assertNotEq
DA:363,0
DA:366,0
FN:366,StdAssertions.assertNotEq
FNDA:0,StdAssertions.assertNotEq
DA:367,0
DA:370,0
FN:370,StdAssertions.assertNotEq
FNDA:0,StdAssertions.assertNotEq
DA:371,0
DA:374,0
FN:374,StdAssertions.assertNotEq
FNDA:0,StdAssertions.assertNotEq
DA:375,0
DA:378,0
FN:378,StdAssertions.assertNotEq
FNDA:0,StdAssertions.assertNotEq
DA:379,0
DA:382,0
FN:382,StdAssertions.assertNotEq
FNDA:0,StdAssertions.assertNotEq
DA:383,0
DA:386,0
FN:386,StdAssertions.assertNotEq
FNDA:0,StdAssertions.assertNotEq
DA:387,0
DA:390,0
FN:390,StdAssertions.assertNotEq
FNDA:0,StdAssertions.assertNotEq
DA:391,0
DA:394,0
FN:394,StdAssertions.assertNotEq
FNDA:0,StdAssertions.assertNotEq
DA:395,0
DA:398,0
FN:398,StdAssertions.assertNotEq
FNDA:0,StdAssertions.assertNotEq
DA:399,0
DA:402,0
FN:402,StdAssertions.assertNotEq
FNDA:0,StdAssertions.assertNotEq
DA:403,0
DA:406,0
FN:406,StdAssertions.assertNotEq
FNDA:0,StdAssertions.assertNotEq
DA:407,0
DA:410,0
FN:410,StdAssertions.assertLt
FNDA:0,StdAssertions.assertLt
DA:411,0
BRDA:411,29,0,-
DA:412,0
DA:416,0
FN:416,StdAssertions.assertLt
FNDA:0,StdAssertions.assertLt
DA:417,0
BRDA:417,30,0,-
DA:418,0
DA:422,0
FN:422,StdAssertions.assertLtDecimal
FNDA:0,StdAssertions.assertLtDecimal
DA:423,0
DA:426,0
FN:426,StdAssertions.assertLtDecimal
FNDA:0,StdAssertions.assertLtDecimal
DA:427,0
DA:430,0
FN:430,StdAssertions.assertLt
FNDA:0,StdAssertions.assertLt
DA:431,0
BRDA:431,31,0,-
DA:432,0
DA:436,0
FN:436,StdAssertions.assertLt
FNDA:0,StdAssertions.assertLt
DA:437,0
BRDA:437,32,0,-
DA:438,0
DA:442,0
FN:442,StdAssertions.assertLtDecimal
FNDA:0,StdAssertions.assertLtDecimal
DA:443,0
DA:446,0
FN:446,StdAssertions.assertLtDecimal
FNDA:0,StdAssertions.assertLtDecimal
DA:447,0
DA:450,0
FN:450,StdAssertions.assertGt
FNDA:0,StdAssertions.assertGt
DA:451,0
BRDA:451,33,0,-
DA:452,0
DA:456,0
FN:456,StdAssertions.assertGt
FNDA:0,StdAssertions.assertGt
DA:457,0
BRDA:457,34,0,-
DA:458,0
DA:462,0
FN:462,StdAssertions.assertGtDecimal
FNDA:0,StdAssertions.assertGtDecimal
DA:463,0
DA:466,0
FN:466,StdAssertions.assertGtDecimal
FNDA:0,StdAssertions.assertGtDecimal
DA:467,0
DA:470,0
FN:470,StdAssertions.assertGt
FNDA:0,StdAssertions.assertGt
DA:471,0
BRDA:471,35,0,-
DA:472,0
DA:476,0
FN:476,StdAssertions.assertGt
FNDA:0,StdAssertions.assertGt
DA:477,0
BRDA:477,36,0,-
DA:478,0
DA:482,0
FN:482,StdAssertions.assertGtDecimal
FNDA:0,StdAssertions.assertGtDecimal
DA:483,0
DA:486,0
FN:486,StdAssertions.assertGtDecimal
FNDA:0,StdAssertions.assertGtDecimal
DA:487,0
DA:490,0
FN:490,StdAssertions.assertLe
FNDA:0,StdAssertions.assertLe
DA:491,0
BRDA:491,37,0,-
DA:492,0
DA:496,0
FN:496,StdAssertions.assertLe
FNDA:0,StdAssertions.assertLe
DA:497,0
BRDA:497,38,0,-
DA:498,0
DA:502,0
FN:502,StdAssertions.assertLeDecimal
FNDA:0,StdAssertions.assertLeDecimal
DA:503,0
DA:506,0
FN:506,StdAssertions.assertLeDecimal
FNDA:0,StdAssertions.assertLeDecimal
DA:507,0
DA:510,0
FN:510,StdAssertions.assertLe
FNDA:0,StdAssertions.assertLe
DA:511,0
BRDA:511,39,0,-
DA:512,0
DA:516,0
FN:516,StdAssertions.assertLe
FNDA:0,StdAssertions.assertLe
DA:517,0
BRDA:517,40,0,-
DA:518,0
DA:522,0
FN:522,StdAssertions.assertLeDecimal
FNDA:0,StdAssertions.assertLeDecimal
DA:523,0
DA:526,0
FN:526,StdAssertions.assertLeDecimal
FNDA:0,StdAssertions.assertLeDecimal
DA:527,0
DA:530,0
FN:530,StdAssertions.assertGe
FNDA:0,StdAssertions.assertGe
DA:531,0
BRDA:531,41,0,-
DA:532,0
DA:536,0
FN:536,StdAssertions.assertGe
FNDA:0,StdAssertions.assertGe
DA:537,0
BRDA:537,42,0,-
DA:538,0
DA:542,0
FN:542,StdAssertions.assertGeDecimal
FNDA:0,StdAssertions.assertGeDecimal
DA:543,0
DA:546,0
FN:546,StdAssertions.assertGeDecimal
FNDA:0,StdAssertions.assertGeDecimal
DA:547,0
DA:550,0
FN:550,StdAssertions.assertGe
FNDA:0,StdAssertions.assertGe
DA:551,0
BRDA:551,43,0,-
DA:552,0
DA:556,0
FN:556,StdAssertions.assertGe
FNDA:0,StdAssertions.assertGe
DA:557,0
BRDA:557,44,0,-
DA:558,0
DA:562,0
FN:562,StdAssertions.assertGeDecimal
FNDA:0,StdAssertions.assertGeDecimal
DA:563,0
DA:566,0
FN:566,StdAssertions.assertGeDecimal
FNDA:0,StdAssertions.assertGeDecimal
DA:567,0
DA:570,0
FN:570,StdAssertions.assertApproxEqAbs
FNDA:0,StdAssertions.assertApproxEqAbs
DA:571,0
DA:574,0
FN:574,StdAssertions.assertApproxEqAbs
FNDA:0,StdAssertions.assertApproxEqAbs
DA:575,0
DA:578,0
FN:578,StdAssertions.assertApproxEqAbsDecimal
FNDA:0,StdAssertions.assertApproxEqAbsDecimal
DA:583,0
DA:586,0
FN:586,StdAssertions.assertApproxEqAbsDecimal
FNDA:0,StdAssertions.assertApproxEqAbsDecimal
DA:593,0
DA:596,0
FN:596,StdAssertions.assertApproxEqAbs
FNDA:0,StdAssertions.assertApproxEqAbs
DA:597,0
DA:600,0
FN:600,StdAssertions.assertApproxEqAbs
FNDA:0,StdAssertions.assertApproxEqAbs
DA:601,0
DA:604,0
FN:604,StdAssertions.assertApproxEqAbsDecimal
FNDA:0,StdAssertions.assertApproxEqAbsDecimal
DA:609,0
DA:612,0
FN:612,StdAssertions.assertApproxEqAbsDecimal
FNDA:0,StdAssertions.assertApproxEqAbsDecimal
DA:617,0
DA:620,0
FN:620,StdAssertions.assertApproxEqRel
FNDA:0,StdAssertions.assertApproxEqRel
DA:629,0
DA:632,0
FN:632,StdAssertions.assertApproxEqRel
FNDA:0,StdAssertions.assertApproxEqRel
DA:642,0
DA:645,0
FN:645,StdAssertions.assertApproxEqRelDecimal
FNDA:0,StdAssertions.assertApproxEqRelDecimal
DA:655,0
DA:658,0
FN:658,StdAssertions.assertApproxEqRelDecimal
FNDA:0,StdAssertions.assertApproxEqRelDecimal
DA:665,0
DA:668,0
FN:668,StdAssertions.assertApproxEqRel
FNDA:0,StdAssertions.assertApproxEqRel
DA:669,0
DA:672,0
FN:672,StdAssertions.assertApproxEqRel
FNDA:0,StdAssertions.assertApproxEqRel
DA:682,0
DA:685,0
FN:685,StdAssertions.assertApproxEqRelDecimal
FNDA:0,StdAssertions.assertApproxEqRelDecimal
DA:695,0
DA:698,0
FN:698,StdAssertions.assertApproxEqRelDecimal
FNDA:0,StdAssertions.assertApproxEqRelDecimal
DA:705,0
DA:709,0
FN:709,StdAssertions.checkEq0
FNDA:0,StdAssertions.checkEq0
DA:710,0
DA:713,0
FN:713,StdAssertions.assertEq0
FNDA:0,StdAssertions.assertEq0
DA:714,0
DA:717,0
FN:717,StdAssertions.assertEq0
FNDA:0,StdAssertions.assertEq0
DA:718,0
DA:721,0
FN:721,StdAssertions.assertNotEq0
FNDA:0,StdAssertions.assertNotEq0
DA:722,0
DA:725,0
FN:725,StdAssertions.assertNotEq0
FNDA:0,StdAssertions.assertNotEq0
DA:726,0
DA:729,0
FN:729,StdAssertions.assertEqCall
FNDA:0,StdAssertions.assertEqCall
DA:730,0
DA:733,0
FN:733,StdAssertions.assertEqCall
FNDA:0,StdAssertions.assertEqCall
DA:737,0
DA:740,0
FN:740,StdAssertions.assertEqCall
FNDA:0,StdAssertions.assertEqCall
DA:744,0
DA:747,0
FN:747,StdAssertions.assertEqCall
FNDA:0,StdAssertions.assertEqCall
DA:754,0
DA:755,0
DA:757,0
BRDA:757,45,0,-
DA:758,0
DA:761,0
BRDA:761,46,0,-
DA:762,0
DA:765,0
BRDA:765,47,0,-
DA:766,0
DA:767,0
DA:768,0
DA:769,0
DA:772,0
BRDA:772,48,0,-
DA:773,0
DA:774,0
DA:775,0
DA:776,0
FNF:133
FNH:0
LF:329
LH:0
BRF:50
BRH:0
end_of_record
TN:
SF:lib/forge-std/src/StdChains.sol
DA:69,0
FN:69,StdChains.getChain
FNDA:0,StdChains.getChain
DA:70,0
BRDA:70,0,0,-
BRDA:70,0,1,-
DA:72,0
DA:73,0
DA:74,0
BRDA:74,1,0,-
BRDA:74,1,1,-
DA:79,0
DA:82,0
FN:82,StdChains.getChain
FNDA:0,StdChains.getChain
DA:83,0
BRDA:83,2,0,-
BRDA:83,2,1,-
DA:84,0
DA:85,0
DA:87,0
DA:89,0
BRDA:89,3,0,-
BRDA:89,3,1,-
DA:94,0
DA:98,0
FN:98,StdChains.setChain
FNDA:0,StdChains.setChain
DA:99,0
BRDA:99,4,0,-
BRDA:99,4,1,-
DA:104,0
BRDA:104,5,0,-
BRDA:104,5,1,-
DA:106,0
DA:107,0
DA:109,0
BRDA:109,6,0,-
BRDA:109,6,1,-
DA:122,0
DA:123,0
DA:125,0
DA:127,0
DA:131,0
FN:131,StdChains.setChain
FNDA:0,StdChains.setChain
DA:132,0
DA:135,0
FN:135,StdChains._toUpper
FNDA:0,StdChains._toUpper
DA:136,0
DA:137,0
DA:138,0
DA:139,0
DA:140,0
BRDA:140,7,0,-
BRDA:140,7,1,-
DA:141,0
DA:143,0
DA:146,0
DA:151,0
FN:151,StdChains.getChainWithUpdatedRpcUrl
FNDA:0,StdChains.getChainWithUpdatedRpcUrl
DA:156,0
BRDA:156,8,0,-
DA:157,0
BRDA:157,9,0,-
DA:158,0
DA:159,0
BRDA:159,9,1,-
DA:160,0
DA:161,0
BRDA:161,10,0,-
BRDA:161,10,1,-
DA:162,0
DA:164,0
DA:168,0
DA:169,0
DA:170,0
DA:173,0
DA:175,0
DA:176,0
DA:177,0
BRDA:177,11,0,-
DA:179,0
DA:184,0
DA:187,0
FN:187,StdChains.setFallbackToDefaultRpcUrls
FNDA:0,StdChains.setFallbackToDefaultRpcUrls
DA:188,0
DA:191,0
FN:191,StdChains.initializeStdChains
FNDA:0,StdChains.initializeStdChains
DA:194,0
DA:197,0
DA:198,0
DA:199,0
DA:202,0
DA:203,0
DA:204,0
DA:205,0
DA:208,0
DA:209,0
DA:212,0
DA:213,0
DA:214,0
DA:217,0
DA:218,0
DA:221,0
DA:224,0
DA:228,0
DA:229,0
DA:230,0
DA:233,0
DA:234,0
DA:235,0
DA:236,0
DA:237,0
DA:238,0
DA:239,0
DA:242,0
DA:243,0
DA:244,0
DA:247,0
DA:248,0
DA:252,0
DA:253,0
DA:257,0
DA:258,0
DA:260,0
DA:261,0
DA:265,0
DA:266,0
DA:268,0
DA:269,0
DA:271,0
DA:272,0
DA:276,0
DA:277,0
DA:281,0
DA:282,0
DA:288,0
FN:288,StdChains.setChainWithDefaultRpcUrl
FNDA:0,StdChains.setChainWithDefaultRpcUrl
DA:289,0
DA:290,0
DA:291,0
DA:292,0
DA:293,0
FNF:9
FNH:0
LF:109
LH:0
BRF:22
BRH:0
end_of_record
TN:
SF:lib/forge-std/src/StdCheats.sol
DA:207,0
FN:207,StdCheatsSafe.assumeNotBlacklisted
FNDA:0,StdCheatsSafe.assumeNotBlacklisted
DA:209,0
DA:211,0
DA:213,0
BRDA:213,0,0,-
BRDA:213,0,1,-
DA:215,0
DA:216,0
DA:219,0
DA:220,0
DA:223,0
DA:224,0
DA:231,0
FN:231,StdCheatsSafe.assumeNoBlacklisted
FNDA:0,StdCheatsSafe.assumeNoBlacklisted
DA:232,0
DA:235,0
FN:235,StdCheatsSafe.assumeAddressIsNot
FNDA:0,StdCheatsSafe.assumeAddressIsNot
DA:236,0
BRDA:236,1,0,-
BRDA:236,1,1,-
DA:237,0
DA:238,0
BRDA:238,2,0,-
BRDA:238,2,1,-
DA:239,0
DA:240,0
BRDA:240,3,0,-
BRDA:240,3,1,-
DA:241,0
DA:242,0
BRDA:242,4,0,-
BRDA:242,4,1,-
DA:243,0
DA:244,0
BRDA:244,5,0,-
DA:245,0
DA:249,0
FN:249,StdCheatsSafe.assumeAddressIsNot
FNDA:0,StdCheatsSafe.assumeAddressIsNot
DA:250,0
DA:251,0
DA:254,0
FN:254,StdCheatsSafe.assumeAddressIsNot
FNDA:0,StdCheatsSafe.assumeAddressIsNot
DA:260,0
DA:261,0
DA:262,0
DA:265,0
FN:265,StdCheatsSafe.assumeAddressIsNot
FNDA:0,StdCheatsSafe.assumeAddressIsNot
DA:272,0
DA:273,0
DA:274,0
DA:275,0
DA:282,0
FN:282,StdCheatsSafe._isPayable
FNDA:0,StdCheatsSafe._isPayable
DA:283,0
BRDA:283,6,0,-
BRDA:283,6,1,-
DA:287,0
DA:288,0
DA:290,0
DA:291,0
DA:294,0
DA:295,0
DA:297,0
DA:303,0
FN:303,StdCheatsSafe.assumePayable
FNDA:0,StdCheatsSafe.assumePayable
DA:304,0
DA:307,0
FN:307,StdCheatsSafe.assumeNotPayable
FNDA:0,StdCheatsSafe.assumeNotPayable
DA:308,0
DA:311,0
FN:311,StdCheatsSafe.assumeNotZeroAddress
FNDA:0,StdCheatsSafe.assumeNotZeroAddress
DA:312,0
DA:315,0
FN:315,StdCheatsSafe.assumeNotPrecompile
FNDA:0,StdCheatsSafe.assumeNotPrecompile
DA:316,0
DA:319,0
FN:319,StdCheatsSafe.assumeNotPrecompile
FNDA:0,StdCheatsSafe.assumeNotPrecompile
DA:324,0
DA:327,0
BRDA:327,7,0,-
BRDA:327,7,1,-
DA:329,0
DA:330,0
BRDA:330,8,0,-
BRDA:330,8,1,-
DA:332,0
DA:333,0
BRDA:333,9,0,-
DA:335,0
DA:336,0
DA:337,0
DA:342,0
FN:342,StdCheatsSafe.assumeNotForgeAddress
FNDA:0,StdCheatsSafe.assumeNotForgeAddress
DA:344,0
DA:350,0
FN:350,StdCheatsSafe.assumeUnusedAddress
FNDA:0,StdCheatsSafe.assumeUnusedAddress
DA:351,0
DA:353,0
DA:355,0
DA:357,0
DA:358,0
DA:359,0
DA:362,0
FN:362,StdCheatsSafe.readEIP1559ScriptArtifact
FNDA:0,StdCheatsSafe.readEIP1559ScriptArtifact
DA:368,0
DA:369,0
DA:370,0
DA:371,0
DA:372,0
DA:373,0
DA:374,0
DA:375,0
DA:376,0
DA:377,0
DA:378,0
DA:379,0
DA:382,0
FN:382,StdCheatsSafe.rawToConvertedEIPTx1559s
FNDA:0,StdCheatsSafe.rawToConvertedEIPTx1559s
DA:383,0
DA:384,0
DA:385,0
DA:387,0
DA:390,0
FN:390,StdCheatsSafe.rawToConvertedEIPTx1559
FNDA:0,StdCheatsSafe.rawToConvertedEIPTx1559
DA:391,0
DA:392,0
DA:393,0
DA:394,0
DA:395,0
DA:396,0
DA:397,0
DA:398,0
DA:399,0
DA:402,0
FN:402,StdCheatsSafe.rawToConvertedEIP1559Detail
FNDA:0,StdCheatsSafe.rawToConvertedEIP1559Detail
DA:408,0
DA:409,0
DA:410,0
DA:411,0
DA:412,0
DA:413,0
DA:414,0
DA:415,0
DA:416,0
DA:417,0
DA:420,0
FN:420,StdCheatsSafe.readTx1559s
FNDA:0,StdCheatsSafe.readTx1559s
DA:421,0
DA:422,0
DA:423,0
DA:424,0
DA:427,0
FN:427,StdCheatsSafe.readTx1559
FNDA:0,StdCheatsSafe.readTx1559
DA:428,0
DA:429,0
DA:430,0
DA:431,0
DA:432,0
DA:436,0
FN:436,StdCheatsSafe.readReceipts
FNDA:0,StdCheatsSafe.readReceipts
DA:437,0
DA:438,0
DA:439,0
DA:440,0
DA:443,0
FN:443,StdCheatsSafe.readReceipt
FNDA:0,StdCheatsSafe.readReceipt
DA:444,0
DA:445,0
DA:446,0
DA:447,0
DA:448,0
DA:451,0
FN:451,StdCheatsSafe.rawToConvertedReceipts
FNDA:0,StdCheatsSafe.rawToConvertedReceipts
DA:452,0
DA:453,0
DA:454,0
DA:456,0
DA:459,0
FN:459,StdCheatsSafe.rawToConvertedReceipt
FNDA:0,StdCheatsSafe.rawToConvertedReceipt
DA:460,0
DA:461,0
DA:462,0
DA:463,0
DA:464,0
DA:465,0
DA:466,0
DA:467,0
DA:468,0
DA:469,0
DA:470,0
DA:471,0
DA:472,0
DA:473,0
DA:474,0
DA:477,0
FN:477,StdCheatsSafe.rawToConvertedReceiptLogs
FNDA:0,StdCheatsSafe.rawToConvertedReceiptLogs
DA:483,0
DA:484,0
DA:485,0
DA:486,0
DA:487,0
DA:488,0
DA:489,0
DA:490,0
DA:491,0
DA:492,0
DA:493,0
DA:495,0
DA:501,0
FN:501,StdCheatsSafe.deployCode
FNDA:0,StdCheatsSafe.deployCode
DA:502,0
DA:504,0
DA:507,0
BRDA:507,10,0,-
BRDA:507,10,1,-
DA:510,0
FN:510,StdCheatsSafe.deployCode
FNDA:0,StdCheatsSafe.deployCode
DA:511,0
DA:513,0
DA:516,0
BRDA:516,11,0,-
BRDA:516,11,1,-
DA:520,0
FN:520,StdCheatsSafe.deployCode
FNDA:0,StdCheatsSafe.deployCode
DA:521,0
DA:523,0
DA:526,0
BRDA:526,12,0,-
BRDA:526,12,1,-
DA:529,0
FN:529,StdCheatsSafe.deployCode
FNDA:0,StdCheatsSafe.deployCode
DA:530,0
DA:532,0
DA:535,0
BRDA:535,13,0,-
BRDA:535,13,1,-
DA:539,0
FN:539,StdCheatsSafe.makeAddrAndKey
FNDA:0,StdCheatsSafe.makeAddrAndKey
DA:540,0
DA:541,0
DA:542,0
DA:546,0
FN:546,StdCheatsSafe.makeAddr
FNDA:0,StdCheatsSafe.makeAddr
DA:547,0
DA:554,0
FN:554,StdCheatsSafe.destroyAccount
FNDA:0,StdCheatsSafe.destroyAccount
DA:555,0
DA:556,0
DA:557,0
DA:558,0
DA:560,0
DA:561,0
DA:565,0
FN:565,StdCheatsSafe.makeAccount
FNDA:0,StdCheatsSafe.makeAccount
DA:566,0
DA:569,0
FN:569,StdCheatsSafe.deriveRememberKey
FNDA:0,StdCheatsSafe.deriveRememberKey
DA:574,0
DA:575,0
DA:578,0
FN:578,StdCheatsSafe._bytesToUint
FNDA:0,StdCheatsSafe._bytesToUint
DA:579,0
BRDA:579,14,0,-
BRDA:579,14,1,-
DA:580,0
DA:583,0
FN:583,StdCheatsSafe.isFork
FNDA:0,StdCheatsSafe.isFork
DA:584,0
BRDA:584,15,0,-
DA:585,0
DA:586,0
DA:589,0
FN:589,StdCheatsSafe.skipWhenForking
FNDA:0,StdCheatsSafe.skipWhenForking
DA:590,0
BRDA:590,16,0,-
DA:595,0
FN:595,StdCheatsSafe.skipWhenNotForking
FNDA:0,StdCheatsSafe.skipWhenNotForking
DA:596,0
BRDA:596,17,0,-
DA:601,0
FN:601,StdCheatsSafe.noGasMetering
FNDA:0,StdCheatsSafe.noGasMetering
DA:602,0
DA:610,0
DA:611,0
DA:616,0
BRDA:616,18,0,-
DA:617,0
DA:618,0
DA:626,0
FN:626,StdCheatsSafe._viewChainId
FNDA:0,StdCheatsSafe._viewChainId
DA:629,0
DA:635,0
FN:635,StdCheatsSafe._pureChainId
FNDA:0,StdCheatsSafe._pureChainId
DA:636,0
DA:637,0
DA:639,0
DA:641,0
DA:654,0
FN:654,StdCheats.skip
FNDA:0,StdCheats.skip
DA:655,0
DA:658,0
FN:658,StdCheats.rewind
FNDA:0,StdCheats.rewind
DA:659,0
DA:663,0
FN:663,StdCheats.hoax
FNDA:0,StdCheats.hoax
DA:664,0
DA:665,0
DA:668,0
FN:668,StdCheats.hoax
FNDA:0,StdCheats.hoax
DA:669,0
DA:670,0
DA:673,0
FN:673,StdCheats.hoax
FNDA:0,StdCheats.hoax
DA:674,0
DA:675,0
DA:678,0
FN:678,StdCheats.hoax
FNDA:0,StdCheats.hoax
DA:679,0
DA:680,0
DA:684,0
FN:684,StdCheats.startHoax
FNDA:0,StdCheats.startHoax
DA:685,0
DA:686,0
DA:689,0
FN:689,StdCheats.startHoax
FNDA:0,StdCheats.startHoax
DA:690,0
DA:691,0
DA:696,0
FN:696,StdCheats.startHoax
FNDA:0,StdCheats.startHoax
DA:697,0
DA:698,0
DA:701,0
FN:701,StdCheats.startHoax
FNDA:0,StdCheats.startHoax
DA:702,0
DA:703,0
DA:706,0
FN:706,StdCheats.changePrank
FNDA:0,StdCheats.changePrank
DA:707,0
DA:708,0
DA:709,0
DA:712,0
FN:712,StdCheats.changePrank
FNDA:0,StdCheats.changePrank
DA:713,0
DA:714,0
DA:715,0
DA:720,0
FN:720,StdCheats.deal
FNDA:0,StdCheats.deal
DA:721,0
DA:726,0
FN:726,StdCheats.deal
FNDA:0,StdCheats.deal
DA:727,0
DA:732,0
FN:732,StdCheats.dealERC1155
FNDA:0,StdCheats.dealERC1155
DA:733,0
DA:736,0
FN:736,StdCheats.deal
FNDA:0,StdCheats.deal
DA:738,0
DA:739,0
DA:742,0
DA:745,0
BRDA:745,0,0,-
DA:746,0
DA:747,0
DA:748,0
BRDA:748,1,0,-
BRDA:748,1,1,-
DA:749,0
DA:751,0
DA:753,0
DA:757,0
FN:757,StdCheats.dealERC1155
FNDA:0,StdCheats.dealERC1155
DA:759,0
DA:760,0
DA:763,0
DA:766,0
BRDA:766,2,0,-
DA:767,0
DA:768,0
BRDA:768,3,0,-
BRDA:768,3,1,-
DA:772,0
DA:773,0
BRDA:773,4,0,-
BRDA:773,4,1,-
DA:774,0
DA:776,0
DA:778,0
DA:782,0
FN:782,StdCheats.dealERC721
FNDA:0,StdCheats.dealERC721
DA:784,0
DA:785,0
BRDA:785,5,0,-
BRDA:785,5,1,-
DA:788,0
DA:789,0
DA:790,0
DA:793,0
DA:794,0
DA:797,0
DA:798,0
DA:801,0
DA:804,0
FN:804,StdCheats.deployCodeTo
FNDA:0,StdCheats.deployCodeTo
DA:805,0
DA:808,0
FN:808,StdCheats.deployCodeTo
FNDA:0,StdCheats.deployCodeTo
DA:809,0
DA:812,0
FN:812,StdCheats.deployCodeTo
FNDA:0,StdCheats.deployCodeTo
DA:813,0
DA:814,0
DA:815,0
DA:816,0
BRDA:816,6,0,-
BRDA:816,6,1,-
DA:817,0
DA:821,0
FN:821,StdCheats.console2_log_StdCheats
FNDA:0,StdCheats.console2_log_StdCheats
DA:822,0
FNF:63
FNH:0
LF:313
LH:0
BRF:44
BRH:0
end_of_record
TN:
SF:lib/forge-std/src/StdInvariant.sol
DA:38,0
FN:38,StdInvariant.excludeContract
FNDA:0,StdInvariant.excludeContract
DA:39,0
DA:42,0
FN:42,StdInvariant.excludeSelector
FNDA:0,StdInvariant.excludeSelector
DA:43,0
DA:46,0
FN:46,StdInvariant.excludeSender
FNDA:0,StdInvariant.excludeSender
DA:47,0
DA:50,0
FN:50,StdInvariant.excludeArtifact
FNDA:0,StdInvariant.excludeArtifact
DA:51,0
DA:54,0
FN:54,StdInvariant.targetArtifact
FNDA:0,StdInvariant.targetArtifact
DA:55,0
DA:58,0
FN:58,StdInvariant.targetArtifactSelector
FNDA:0,StdInvariant.targetArtifactSelector
DA:59,0
DA:62,92340
FN:62,StdInvariant.targetContract
FNDA:92340,StdInvariant.targetContract
DA:63,92340
DA:66,0
FN:66,StdInvariant.targetSelector
FNDA:0,StdInvariant.targetSelector
DA:67,0
DA:70,0
FN:70,StdInvariant.targetSender
FNDA:0,StdInvariant.targetSender
DA:71,0
DA:74,0
FN:74,StdInvariant.targetInterface
FNDA:0,StdInvariant.targetInterface
DA:75,0
DA:81,0
FN:81,StdInvariant.excludeArtifacts
FNDA:0,StdInvariant.excludeArtifacts
DA:82,0
DA:85,0
FN:85,StdInvariant.excludeContracts
FNDA:0,StdInvariant.excludeContracts
DA:86,0
DA:89,0
FN:89,StdInvariant.excludeSelectors
FNDA:0,StdInvariant.excludeSelectors
DA:90,0
DA:93,0
FN:93,StdInvariant.excludeSenders
FNDA:0,StdInvariant.excludeSenders
DA:94,0
DA:97,0
FN:97,StdInvariant.targetArtifacts
FNDA:0,StdInvariant.targetArtifacts
DA:98,0
DA:101,0
FN:101,StdInvariant.targetArtifactSelectors
FNDA:0,StdInvariant.targetArtifactSelectors
DA:102,0
DA:105,0
FN:105,StdInvariant.targetContracts
FNDA:0,StdInvariant.targetContracts
DA:106,0
DA:109,0
FN:109,StdInvariant.targetSelectors
FNDA:0,StdInvariant.targetSelectors
DA:110,0
DA:113,0
FN:113,StdInvariant.targetSenders
FNDA:0,StdInvariant.targetSenders
DA:114,0
DA:117,0
FN:117,StdInvariant.targetInterfaces
FNDA:0,StdInvariant.targetInterfaces
DA:118,0
FNF:20
FNH:1
LF:40
LH:2
BRF:0
BRH:0
end_of_record
TN:
SF:lib/forge-std/src/StdJson.sol
DA:26,0
FN:26,stdJson.keyExists
FNDA:0,stdJson.keyExists
DA:27,0
DA:30,0
FN:30,stdJson.parseRaw
FNDA:0,stdJson.parseRaw
DA:31,0
DA:34,0
FN:34,stdJson.readUint
FNDA:0,stdJson.readUint
DA:35,0
DA:38,0
FN:38,stdJson.readUintArray
FNDA:0,stdJson.readUintArray
DA:39,0
DA:42,0
FN:42,stdJson.readInt
FNDA:0,stdJson.readInt
DA:43,0
DA:46,0
FN:46,stdJson.readIntArray
FNDA:0,stdJson.readIntArray
DA:47,0
DA:50,0
FN:50,stdJson.readBytes32
FNDA:0,stdJson.readBytes32
DA:51,0
DA:54,0
FN:54,stdJson.readBytes32Array
FNDA:0,stdJson.readBytes32Array
DA:55,0
DA:58,0
FN:58,stdJson.readString
FNDA:0,stdJson.readString
DA:59,0
DA:62,0
FN:62,stdJson.readStringArray
FNDA:0,stdJson.readStringArray
DA:63,0
DA:66,0
FN:66,stdJson.readAddress
FNDA:0,stdJson.readAddress
DA:67,0
DA:70,0
FN:70,stdJson.readAddressArray
FNDA:0,stdJson.readAddressArray
DA:71,0
DA:74,0
FN:74,stdJson.readBool
FNDA:0,stdJson.readBool
DA:75,0
DA:78,0
FN:78,stdJson.readBoolArray
FNDA:0,stdJson.readBoolArray
DA:79,0
DA:82,0
FN:82,stdJson.readBytes
FNDA:0,stdJson.readBytes
DA:83,0
DA:86,0
FN:86,stdJson.readBytesArray
FNDA:0,stdJson.readBytesArray
DA:87,0
DA:90,0
FN:90,stdJson.readUintOr
FNDA:0,stdJson.readUintOr
DA:91,0
DA:94,0
FN:94,stdJson.readUintArrayOr
FNDA:0,stdJson.readUintArrayOr
DA:99,0
DA:102,0
FN:102,stdJson.readIntOr
FNDA:0,stdJson.readIntOr
DA:103,0
DA:106,0
FN:106,stdJson.readIntArrayOr
FNDA:0,stdJson.readIntArrayOr
DA:111,0
DA:114,0
FN:114,stdJson.readBytes32Or
FNDA:0,stdJson.readBytes32Or
DA:119,0
DA:122,0
FN:122,stdJson.readBytes32ArrayOr
FNDA:0,stdJson.readBytes32ArrayOr
DA:127,0
DA:130,0
FN:130,stdJson.readStringOr
FNDA:0,stdJson.readStringOr
DA:135,0
DA:138,0
FN:138,stdJson.readStringArrayOr
FNDA:0,stdJson.readStringArrayOr
DA:143,0
DA:146,0
FN:146,stdJson.readAddressOr
FNDA:0,stdJson.readAddressOr
DA:151,0
DA:154,0
FN:154,stdJson.readAddressArrayOr
FNDA:0,stdJson.readAddressArrayOr
DA:159,0
DA:162,0
FN:162,stdJson.readBoolOr
FNDA:0,stdJson.readBoolOr
DA:163,0
DA:166,0
FN:166,stdJson.readBoolArrayOr
FNDA:0,stdJson.readBoolArrayOr
DA:171,0
DA:174,0
FN:174,stdJson.readBytesOr
FNDA:0,stdJson.readBytesOr
DA:179,0
DA:182,0
FN:182,stdJson.readBytesArrayOr
FNDA:0,stdJson.readBytesArrayOr
DA:187,0
DA:190,0
FN:190,stdJson.serialize
FNDA:0,stdJson.serialize
DA:191,0
DA:194,0
FN:194,stdJson.serialize
FNDA:0,stdJson.serialize
DA:195,0
DA:198,0
FN:198,stdJson.serialize
FNDA:0,stdJson.serialize
DA:199,0
DA:202,0
FN:202,stdJson.serialize
FNDA:0,stdJson.serialize
DA:203,0
DA:206,0
FN:206,stdJson.serialize
FNDA:0,stdJson.serialize
DA:210,0
DA:213,0
FN:213,stdJson.serialize
FNDA:0,stdJson.serialize
DA:214,0
DA:217,0
FN:217,stdJson.serialize
FNDA:0,stdJson.serialize
DA:221,0
DA:224,0
FN:224,stdJson.serialize
FNDA:0,stdJson.serialize
DA:225,0
DA:228,0
FN:228,stdJson.serialize
FNDA:0,stdJson.serialize
DA:232,0
DA:235,0
FN:235,stdJson.serialize
FNDA:0,stdJson.serialize
DA:236,0
DA:239,0
FN:239,stdJson.serialize
FNDA:0,stdJson.serialize
DA:243,0
DA:246,0
FN:246,stdJson.serialize
FNDA:0,stdJson.serialize
DA:247,0
DA:250,0
FN:250,stdJson.serialize
FNDA:0,stdJson.serialize
DA:254,0
DA:257,0
FN:257,stdJson.serialize
FNDA:0,stdJson.serialize
DA:258,0
DA:261,0
FN:261,stdJson.serialize
FNDA:0,stdJson.serialize
DA:265,0
DA:268,0
FN:268,stdJson.write
FNDA:0,stdJson.write
DA:269,0
DA:272,0
FN:272,stdJson.write
FNDA:0,stdJson.write
DA:273,0
FNF:47
FNH:0
LF:94
LH:0
BRF:0
BRH:0
end_of_record
TN:
SF:lib/forge-std/src/StdMath.sol
DA:7,0
FN:7,stdMath.abs
FNDA:0,stdMath.abs
DA:9,0
BRDA:9,0,0,-
DA:10,0
DA:13,0
DA:16,0
FN:16,stdMath.delta
FNDA:0,stdMath.delta
DA:17,0
DA:20,0
FN:20,stdMath.delta
FNDA:0,stdMath.delta
DA:23,0
BRDA:23,1,0,-
DA:24,0
DA:28,0
DA:31,0
FN:31,stdMath.percentDelta
FNDA:0,stdMath.percentDelta
DA:33,0
BRDA:33,2,0,-
BRDA:33,2,1,-
DA:34,0
DA:36,0
DA:39,0
FN:39,stdMath.percentDelta
FNDA:0,stdMath.percentDelta
DA:40,0
DA:41,0
DA:43,0
BRDA:43,3,0,-
BRDA:43,3,1,-
DA:45,0
FNF:5
FNH:0
LF:19
LH:0
BRF:6
BRH:0
end_of_record
TN:
SF:lib/forge-std/src/StdStorage.sol
DA:31,0
FN:31,stdStorageSafe.sigs
FNDA:0,stdStorageSafe.sigs
DA:32,0
DA:35,0
FN:35,stdStorageSafe.getCallParams
FNDA:0,stdStorageSafe.getCallParams
DA:36,0
BRDA:36,0,0,-
BRDA:36,0,1,-
DA:37,0
DA:39,0
DA:44,0
FN:44,stdStorageSafe.callTarget
FNDA:0,stdStorageSafe.callTarget
DA:45,0
DA:46,0
DA:47,0
DA:49,0
DA:55,0
FN:55,stdStorageSafe.checkSlotMutatesCall
FNDA:0,stdStorageSafe.checkSlotMutatesCall
DA:56,0
DA:57,0
DA:59,0
DA:60,0
DA:62,0
DA:64,0
DA:66,0
DA:71,0
FN:71,stdStorageSafe.findOffset
FNDA:0,stdStorageSafe.findOffset
DA:72,0
DA:73,0
DA:74,0
DA:76,0
DA:78,0
BRDA:78,1,0,-
DA:79,0
DA:82,0
DA:85,0
FN:85,stdStorageSafe.findOffsets
FNDA:0,stdStorageSafe.findOffsets
DA:86,0
DA:88,0
DA:89,0
DA:92,0
DA:93,0
DA:96,0
FN:96,stdStorageSafe.find
FNDA:0,stdStorageSafe.find
DA:97,0
DA:106,0
FN:106,stdStorageSafe.find
FNDA:0,stdStorageSafe.find
DA:107,0
DA:108,0
DA:109,0
DA:110,0
DA:113,0
BRDA:113,2,0,-
DA:114,0
BRDA:114,3,0,-
DA:115,0
DA:117,0
DA:119,0
DA:120,0
DA:121,0
DA:123,0
BRDA:123,4,0,-
BRDA:123,4,1,-
DA:124,0
DA:126,0
DA:127,0
DA:128,0
BRDA:128,5,0,-
DA:129,0
DA:132,0
BRDA:132,6,0,-
DA:133,0
DA:136,0
DA:138,0
BRDA:138,7,0,-
DA:139,0
DA:140,0
DA:141,0
BRDA:141,8,0,-
DA:142,0
DA:147,0
DA:149,0
BRDA:149,9,0,-
DA:150,0
DA:153,0
DA:154,0
DA:156,0
DA:160,0
BRDA:160,10,0,-
BRDA:160,10,1,-
DA:165,0
BRDA:165,11,0,-
DA:166,0
DA:168,0
DA:171,0
FN:171,stdStorageSafe.target
FNDA:0,stdStorageSafe.target
DA:172,0
DA:173,0
DA:176,0
FN:176,stdStorageSafe.sig
FNDA:0,stdStorageSafe.sig
DA:177,0
DA:178,0
DA:181,0
FN:181,stdStorageSafe.sig
FNDA:0,stdStorageSafe.sig
DA:182,0
DA:183,0
DA:186,0
FN:186,stdStorageSafe.with_calldata
FNDA:0,stdStorageSafe.with_calldata
DA:187,0
DA:188,0
DA:191,0
FN:191,stdStorageSafe.with_key
FNDA:0,stdStorageSafe.with_key
DA:192,0
DA:193,0
DA:196,0
FN:196,stdStorageSafe.with_key
FNDA:0,stdStorageSafe.with_key
DA:197,0
DA:198,0
DA:201,0
FN:201,stdStorageSafe.with_key
FNDA:0,stdStorageSafe.with_key
DA:202,0
DA:203,0
DA:206,0
FN:206,stdStorageSafe.enable_packed_slots
FNDA:0,stdStorageSafe.enable_packed_slots
DA:207,0
DA:208,0
DA:211,0
FN:211,stdStorageSafe.depth
FNDA:0,stdStorageSafe.depth
DA:212,0
DA:213,0
DA:216,0
FN:216,stdStorageSafe.read
FNDA:0,stdStorageSafe.read
DA:217,0
DA:218,0
DA:219,0
DA:220,0
DA:221,0
DA:224,0
FN:224,stdStorageSafe.read_bytes32
FNDA:0,stdStorageSafe.read_bytes32
DA:225,0
DA:228,0
FN:228,stdStorageSafe.read_bool
FNDA:0,stdStorageSafe.read_bool
DA:229,0
DA:230,0
DA:231,0
DA:232,0
DA:235,0
FN:235,stdStorageSafe.read_address
FNDA:0,stdStorageSafe.read_address
DA:236,0
DA:239,0
FN:239,stdStorageSafe.read_uint
FNDA:0,stdStorageSafe.read_uint
DA:240,0
DA:243,0
FN:243,stdStorageSafe.read_int
FNDA:0,stdStorageSafe.read_int
DA:244,0
DA:247,0
FN:247,stdStorageSafe.parent
FNDA:0,stdStorageSafe.parent
DA:248,0
DA:249,0
DA:250,0
DA:251,0
DA:252,0
DA:253,0
BRDA:253,14,0,-
DA:254,0
DA:258,0
DA:261,0
FN:261,stdStorageSafe.root
FNDA:0,stdStorageSafe.root
DA:262,0
DA:263,0
DA:264,0
DA:265,0
DA:266,0
DA:267,0
DA:268,0
DA:269,0
DA:270,0
BRDA:270,15,0,-
DA:271,0
DA:276,0
DA:277,0
DA:279,0
DA:282,0
FN:282,stdStorageSafe.bytesToBytes32
FNDA:0,stdStorageSafe.bytesToBytes32
DA:283,0
DA:286,0
DA:287,0
BRDA:287,16,0,-
DA:288,0
DA:290,0
DA:291,0
DA:293,0
DA:296,0
FN:296,stdStorageSafe.flatten
FNDA:0,stdStorageSafe.flatten
DA:297,0
DA:298,0
DA:299,0
DA:301,0
DA:305,0
DA:308,0
FN:308,stdStorageSafe.clear
FNDA:0,stdStorageSafe.clear
DA:309,0
DA:310,0
DA:311,0
DA:312,0
DA:313,0
DA:314,0
DA:319,0
FN:319,stdStorageSafe.getMaskByOffsets
FNDA:0,stdStorageSafe.getMaskByOffsets
DA:323,0
DA:328,0
FN:328,stdStorageSafe.getUpdatedSlotValue
FNDA:0,stdStorageSafe.getUpdatedSlotValue
DA:333,0
DA:340,0
FN:340,stdStorage.sigs
FNDA:0,stdStorage.sigs
DA:341,0
DA:344,0
FN:344,stdStorage.find
FNDA:0,stdStorage.find
DA:345,0
DA:348,0
FN:348,stdStorage.find
FNDA:0,stdStorage.find
DA:349,0
DA:352,0
FN:352,stdStorage.target
FNDA:0,stdStorage.target
DA:353,0
DA:356,0
FN:356,stdStorage.sig
FNDA:0,stdStorage.sig
DA:357,0
DA:360,0
FN:360,stdStorage.sig
FNDA:0,stdStorage.sig
DA:361,0
DA:364,0
FN:364,stdStorage.with_key
FNDA:0,stdStorage.with_key
DA:365,0
DA:368,0
FN:368,stdStorage.with_key
FNDA:0,stdStorage.with_key
DA:369,0
DA:372,0
FN:372,stdStorage.with_key
FNDA:0,stdStorage.with_key
DA:373,0
DA:376,0
FN:376,stdStorage.with_calldata
FNDA:0,stdStorage.with_calldata
DA:377,0
DA:380,0
FN:380,stdStorage.enable_packed_slots
FNDA:0,stdStorage.enable_packed_slots
DA:381,0
DA:384,0
FN:384,stdStorage.depth
FNDA:0,stdStorage.depth
DA:385,0
DA:388,0
FN:388,stdStorage.clear
FNDA:0,stdStorage.clear
DA:389,0
DA:392,0
FN:392,stdStorage.checked_write
FNDA:0,stdStorage.checked_write
DA:393,0
DA:396,0
FN:396,stdStorage.checked_write
FNDA:0,stdStorage.checked_write
DA:397,0
DA:400,0
FN:400,stdStorage.checked_write_int
FNDA:0,stdStorage.checked_write_int
DA:401,0
DA:404,0
FN:404,stdStorage.checked_write
FNDA:0,stdStorage.checked_write
DA:405,0
DA:407,0
DA:409,0
DA:412,0
FN:412,stdStorage.checked_write
FNDA:0,stdStorage.checked_write
DA:413,0
DA:414,0
DA:415,0
DA:416,0
DA:418,0
BRDA:418,0,0,-
DA:419,0
DA:421,0
DA:422,0
BRDA:422,1,0,-
DA:423,0
DA:424,0
BRDA:424,2,0,-
BRDA:424,2,1,-
DA:434,0
DA:435,0
DA:437,0
DA:439,0
DA:441,0
BRDA:441,3,0,-
DA:442,0
DA:443,0
DA:445,0
DA:448,0
FN:448,stdStorage.read_bytes32
FNDA:0,stdStorage.read_bytes32
DA:449,0
DA:452,0
FN:452,stdStorage.read_bool
FNDA:0,stdStorage.read_bool
DA:453,0
DA:456,0
FN:456,stdStorage.read_address
FNDA:0,stdStorage.read_address
DA:457,0
DA:460,0
FN:460,stdStorage.read_uint
FNDA:0,stdStorage.read_uint
DA:461,0
DA:464,0
FN:464,stdStorage.read_int
FNDA:0,stdStorage.read_int
DA:465,0
DA:468,0
FN:468,stdStorage.parent
FNDA:0,stdStorage.parent
DA:469,0
DA:472,0
FN:472,stdStorage.root
FNDA:0,stdStorage.root
DA:473,0
FNF:55
FNH:0
LF:234
LH:0
BRF:23
BRH:0
end_of_record
TN:
SF:lib/forge-std/src/StdStyle.sol
DA:22,0
FN:22,StdStyle.styleConcat
FNDA:0,StdStyle.styleConcat
DA:23,0
DA:26,0
FN:26,StdStyle.red
FNDA:0,StdStyle.red
DA:27,0
DA:30,0
FN:30,StdStyle.red
FNDA:0,StdStyle.red
DA:31,0
DA:34,0
FN:34,StdStyle.red
FNDA:0,StdStyle.red
DA:35,0
DA:38,0
FN:38,StdStyle.red
FNDA:0,StdStyle.red
DA:39,0
DA:42,0
FN:42,StdStyle.red
FNDA:0,StdStyle.red
DA:43,0
DA:46,0
FN:46,StdStyle.redBytes
FNDA:0,StdStyle.redBytes
DA:47,0
DA:50,0
FN:50,StdStyle.redBytes32
FNDA:0,StdStyle.redBytes32
DA:51,0
DA:54,0
FN:54,StdStyle.green
FNDA:0,StdStyle.green
DA:55,0
DA:58,0
FN:58,StdStyle.green
FNDA:0,StdStyle.green
DA:59,0
DA:62,0
FN:62,StdStyle.green
FNDA:0,StdStyle.green
DA:63,0
DA:66,0
FN:66,StdStyle.green
FNDA:0,StdStyle.green
DA:67,0
DA:70,0
FN:70,StdStyle.green
FNDA:0,StdStyle.green
DA:71,0
DA:74,0
FN:74,StdStyle.greenBytes
FNDA:0,StdStyle.greenBytes
DA:75,0
DA:78,0
FN:78,StdStyle.greenBytes32
FNDA:0,StdStyle.greenBytes32
DA:79,0
DA:82,0
FN:82,StdStyle.yellow
FNDA:0,StdStyle.yellow
DA:83,0
DA:86,0
FN:86,StdStyle.yellow
FNDA:0,StdStyle.yellow
DA:87,0
DA:90,0
FN:90,StdStyle.yellow
FNDA:0,StdStyle.yellow
DA:91,0
DA:94,0
FN:94,StdStyle.yellow
FNDA:0,StdStyle.yellow
DA:95,0
DA:98,0
FN:98,StdStyle.yellow
FNDA:0,StdStyle.yellow
DA:99,0
DA:102,0
FN:102,StdStyle.yellowBytes
FNDA:0,StdStyle.yellowBytes
DA:103,0
DA:106,0
FN:106,StdStyle.yellowBytes32
FNDA:0,StdStyle.yellowBytes32
DA:107,0
DA:110,0
FN:110,StdStyle.blue
FNDA:0,StdStyle.blue
DA:111,0
DA:114,0
FN:114,StdStyle.blue
FNDA:0,StdStyle.blue
DA:115,0
DA:118,0
FN:118,StdStyle.blue
FNDA:0,StdStyle.blue
DA:119,0
DA:122,0
FN:122,StdStyle.blue
FNDA:0,StdStyle.blue
DA:123,0
DA:126,0
FN:126,StdStyle.blue
FNDA:0,StdStyle.blue
DA:127,0
DA:130,0
FN:130,StdStyle.blueBytes
FNDA:0,StdStyle.blueBytes
DA:131,0
DA:134,0
FN:134,StdStyle.blueBytes32
FNDA:0,StdStyle.blueBytes32
DA:135,0
DA:138,0
FN:138,StdStyle.magenta
FNDA:0,StdStyle.magenta
DA:139,0
DA:142,0
FN:142,StdStyle.magenta
FNDA:0,StdStyle.magenta
DA:143,0
DA:146,0
FN:146,StdStyle.magenta
FNDA:0,StdStyle.magenta
DA:147,0
DA:150,0
FN:150,StdStyle.magenta
FNDA:0,StdStyle.magenta
DA:151,0
DA:154,0
FN:154,StdStyle.magenta
FNDA:0,StdStyle.magenta
DA:155,0
DA:158,0
FN:158,StdStyle.magentaBytes
FNDA:0,StdStyle.magentaBytes
DA:159,0
DA:162,0
FN:162,StdStyle.magentaBytes32
FNDA:0,StdStyle.magentaBytes32
DA:163,0
DA:166,0
FN:166,StdStyle.cyan
FNDA:0,StdStyle.cyan
DA:167,0
DA:170,0
FN:170,StdStyle.cyan
FNDA:0,StdStyle.cyan
DA:171,0
DA:174,0
FN:174,StdStyle.cyan
FNDA:0,StdStyle.cyan
DA:175,0
DA:178,0
FN:178,StdStyle.cyan
FNDA:0,StdStyle.cyan
DA:179,0
DA:182,0
FN:182,StdStyle.cyan
FNDA:0,StdStyle.cyan
DA:183,0
DA:186,0
FN:186,StdStyle.cyanBytes
FNDA:0,StdStyle.cyanBytes
DA:187,0
DA:190,0
FN:190,StdStyle.cyanBytes32
FNDA:0,StdStyle.cyanBytes32
DA:191,0
DA:194,0
FN:194,StdStyle.bold
FNDA:0,StdStyle.bold
DA:195,0
DA:198,0
FN:198,StdStyle.bold
FNDA:0,StdStyle.bold
DA:199,0
DA:202,0
FN:202,StdStyle.bold
FNDA:0,StdStyle.bold
DA:203,0
DA:206,0
FN:206,StdStyle.bold
FNDA:0,StdStyle.bold
DA:207,0
DA:210,0
FN:210,StdStyle.bold
FNDA:0,StdStyle.bold
DA:211,0
DA:214,0
FN:214,StdStyle.boldBytes
FNDA:0,StdStyle.boldBytes
DA:215,0
DA:218,0
FN:218,StdStyle.boldBytes32
FNDA:0,StdStyle.boldBytes32
DA:219,0
DA:222,0
FN:222,StdStyle.dim
FNDA:0,StdStyle.dim
DA:223,0
DA:226,0
FN:226,StdStyle.dim
FNDA:0,StdStyle.dim
DA:227,0
DA:230,0
FN:230,StdStyle.dim
FNDA:0,StdStyle.dim
DA:231,0
DA:234,0
FN:234,StdStyle.dim
FNDA:0,StdStyle.dim
DA:235,0
DA:238,0
FN:238,StdStyle.dim
FNDA:0,StdStyle.dim
DA:239,0
DA:242,0
FN:242,StdStyle.dimBytes
FNDA:0,StdStyle.dimBytes
DA:243,0
DA:246,0
FN:246,StdStyle.dimBytes32
FNDA:0,StdStyle.dimBytes32
DA:247,0
DA:250,0
FN:250,StdStyle.italic
FNDA:0,StdStyle.italic
DA:251,0
DA:254,0
FN:254,StdStyle.italic
FNDA:0,StdStyle.italic
DA:255,0
DA:258,0
FN:258,StdStyle.italic
FNDA:0,StdStyle.italic
DA:259,0
DA:262,0
FN:262,StdStyle.italic
FNDA:0,StdStyle.italic
DA:263,0
DA:266,0
FN:266,StdStyle.italic
FNDA:0,StdStyle.italic
DA:267,0
DA:270,0
FN:270,StdStyle.italicBytes
FNDA:0,StdStyle.italicBytes
DA:271,0
DA:274,0
FN:274,StdStyle.italicBytes32
FNDA:0,StdStyle.italicBytes32
DA:275,0
DA:278,0
FN:278,StdStyle.underline
FNDA:0,StdStyle.underline
DA:279,0
DA:282,0
FN:282,StdStyle.underline
FNDA:0,StdStyle.underline
DA:283,0
DA:286,0
FN:286,StdStyle.underline
FNDA:0,StdStyle.underline
DA:287,0
DA:290,0
FN:290,StdStyle.underline
FNDA:0,StdStyle.underline
DA:291,0
DA:294,0
FN:294,StdStyle.underline
FNDA:0,StdStyle.underline
DA:295,0
DA:298,0
FN:298,StdStyle.underlineBytes
FNDA:0,StdStyle.underlineBytes
DA:299,0
DA:302,0
FN:302,StdStyle.underlineBytes32
FNDA:0,StdStyle.underlineBytes32
DA:303,0
DA:306,0
FN:306,StdStyle.inverse
FNDA:0,StdStyle.inverse
DA:307,0
DA:310,0
FN:310,StdStyle.inverse
FNDA:0,StdStyle.inverse
DA:311,0
DA:314,0
FN:314,StdStyle.inverse
FNDA:0,StdStyle.inverse
DA:315,0
DA:318,0
FN:318,StdStyle.inverse
FNDA:0,StdStyle.inverse
DA:319,0
DA:322,0
FN:322,StdStyle.inverse
FNDA:0,StdStyle.inverse
DA:323,0
DA:326,0
FN:326,StdStyle.inverseBytes
FNDA:0,StdStyle.inverseBytes
DA:327,0
DA:330,0
FN:330,StdStyle.inverseBytes32
FNDA:0,StdStyle.inverseBytes32
DA:331,0
FNF:78
FNH:0
LF:156
LH:0
BRF:0
BRH:0
end_of_record
TN:
SF:lib/forge-std/src/StdToml.sol
DA:26,0
FN:26,stdToml.keyExists
FNDA:0,stdToml.keyExists
DA:27,0
DA:30,0
FN:30,stdToml.parseRaw
FNDA:0,stdToml.parseRaw
DA:31,0
DA:34,0
FN:34,stdToml.readUint
FNDA:0,stdToml.readUint
DA:35,0
DA:38,0
FN:38,stdToml.readUintArray
FNDA:0,stdToml.readUintArray
DA:39,0
DA:42,0
FN:42,stdToml.readInt
FNDA:0,stdToml.readInt
DA:43,0
DA:46,0
FN:46,stdToml.readIntArray
FNDA:0,stdToml.readIntArray
DA:47,0
DA:50,0
FN:50,stdToml.readBytes32
FNDA:0,stdToml.readBytes32
DA:51,0
DA:54,0
FN:54,stdToml.readBytes32Array
FNDA:0,stdToml.readBytes32Array
DA:55,0
DA:58,0
FN:58,stdToml.readString
FNDA:0,stdToml.readString
DA:59,0
DA:62,0
FN:62,stdToml.readStringArray
FNDA:0,stdToml.readStringArray
DA:63,0
DA:66,0
FN:66,stdToml.readAddress
FNDA:0,stdToml.readAddress
DA:67,0
DA:70,0
FN:70,stdToml.readAddressArray
FNDA:0,stdToml.readAddressArray
DA:71,0
DA:74,0
FN:74,stdToml.readBool
FNDA:0,stdToml.readBool
DA:75,0
DA:78,0
FN:78,stdToml.readBoolArray
FNDA:0,stdToml.readBoolArray
DA:79,0
DA:82,0
FN:82,stdToml.readBytes
FNDA:0,stdToml.readBytes
DA:83,0
DA:86,0
FN:86,stdToml.readBytesArray
FNDA:0,stdToml.readBytesArray
DA:87,0
DA:90,0
FN:90,stdToml.readUintOr
FNDA:0,stdToml.readUintOr
DA:91,0
DA:94,0
FN:94,stdToml.readUintArrayOr
FNDA:0,stdToml.readUintArrayOr
DA:99,0
DA:102,0
FN:102,stdToml.readIntOr
FNDA:0,stdToml.readIntOr
DA:103,0
DA:106,0
FN:106,stdToml.readIntArrayOr
FNDA:0,stdToml.readIntArrayOr
DA:111,0
DA:114,0
FN:114,stdToml.readBytes32Or
FNDA:0,stdToml.readBytes32Or
DA:119,0
DA:122,0
FN:122,stdToml.readBytes32ArrayOr
FNDA:0,stdToml.readBytes32ArrayOr
DA:127,0
DA:130,0
FN:130,stdToml.readStringOr
FNDA:0,stdToml.readStringOr
DA:135,0
DA:138,0
FN:138,stdToml.readStringArrayOr
FNDA:0,stdToml.readStringArrayOr
DA:143,0
DA:146,0
FN:146,stdToml.readAddressOr
FNDA:0,stdToml.readAddressOr
DA:151,0
DA:154,0
FN:154,stdToml.readAddressArrayOr
FNDA:0,stdToml.readAddressArrayOr
DA:159,0
DA:162,0
FN:162,stdToml.readBoolOr
FNDA:0,stdToml.readBoolOr
DA:163,0
DA:166,0
FN:166,stdToml.readBoolArrayOr
FNDA:0,stdToml.readBoolArrayOr
DA:171,0
DA:174,0
FN:174,stdToml.readBytesOr
FNDA:0,stdToml.readBytesOr
DA:179,0
DA:182,0
FN:182,stdToml.readBytesArrayOr
FNDA:0,stdToml.readBytesArrayOr
DA:187,0
DA:190,0
FN:190,stdToml.serialize
FNDA:0,stdToml.serialize
DA:191,0
DA:194,0
FN:194,stdToml.serialize
FNDA:0,stdToml.serialize
DA:195,0
DA:198,0
FN:198,stdToml.serialize
FNDA:0,stdToml.serialize
DA:199,0
DA:202,0
FN:202,stdToml.serialize
FNDA:0,stdToml.serialize
DA:203,0
DA:206,0
FN:206,stdToml.serialize
FNDA:0,stdToml.serialize
DA:210,0
DA:213,0
FN:213,stdToml.serialize
FNDA:0,stdToml.serialize
DA:214,0
DA:217,0
FN:217,stdToml.serialize
FNDA:0,stdToml.serialize
DA:221,0
DA:224,0
FN:224,stdToml.serialize
FNDA:0,stdToml.serialize
DA:225,0
DA:228,0
FN:228,stdToml.serialize
FNDA:0,stdToml.serialize
DA:232,0
DA:235,0
FN:235,stdToml.serialize
FNDA:0,stdToml.serialize
DA:236,0
DA:239,0
FN:239,stdToml.serialize
FNDA:0,stdToml.serialize
DA:243,0
DA:246,0
FN:246,stdToml.serialize
FNDA:0,stdToml.serialize
DA:247,0
DA:250,0
FN:250,stdToml.serialize
FNDA:0,stdToml.serialize
DA:254,0
DA:257,0
FN:257,stdToml.serialize
FNDA:0,stdToml.serialize
DA:258,0
DA:261,0
FN:261,stdToml.serialize
FNDA:0,stdToml.serialize
DA:265,0
DA:268,0
FN:268,stdToml.write
FNDA:0,stdToml.write
DA:269,0
DA:272,0
FN:272,stdToml.write
FNDA:0,stdToml.write
DA:273,0
FNF:47
FNH:0
LF:94
LH:0
BRF:0
BRH:0
end_of_record
TN:
SF:lib/forge-std/src/StdUtils.sol
DA:26,272483
FN:26,StdUtils._bound
FNDA:272483,StdUtils._bound
DA:27,272483
BRDA:27,0,0,-
BRDA:27,0,1,272483
DA:30,272483
DA:32,125318
DA:36,125318
DA:37,122238
DA:40,114511
BRDA:40,4,0,114511
BRDA:40,4,1,-
DA:41,114511
DA:42,114511
DA:43,114511
DA:44,113339
DA:45,0
BRDA:45,6,0,-
DA:46,0
DA:47,0
DA:48,0
DA:49,0
DA:53,272483
FN:53,StdUtils.bound
FNDA:272483,StdUtils.bound
DA:54,272483
DA:57,0
FN:57,StdUtils._bound
FNDA:0,StdUtils._bound
DA:58,0
BRDA:58,8,0,-
BRDA:58,8,1,-
DA:67,0
DA:68,0
DA:69,0
DA:71,0
DA:74,0
DA:77,0
FN:77,StdUtils.bound
FNDA:0,StdUtils.bound
DA:78,0
DA:81,0
FN:81,StdUtils.boundPrivateKey
FNDA:0,StdUtils.boundPrivateKey
DA:82,0
DA:85,0
FN:85,StdUtils.bytesToUint
FNDA:0,StdUtils.bytesToUint
DA:86,0
BRDA:86,9,0,-
BRDA:86,9,1,-
DA:87,0
DA:91,0
FN:91,StdUtils.computeCreateAddress
FNDA:0,StdUtils.computeCreateAddress
DA:92,0
DA:93,0
DA:96,0
FN:96,StdUtils.computeCreate2Address
FNDA:0,StdUtils.computeCreate2Address
DA:102,0
DA:103,0
DA:107,0
FN:107,StdUtils.computeCreate2Address
FNDA:0,StdUtils.computeCreate2Address
DA:108,0
DA:109,0
DA:114,0
FN:114,StdUtils.hashInitCode
FNDA:0,StdUtils.hashInitCode
DA:115,0
DA:121,0
FN:121,StdUtils.hashInitCode
FNDA:0,StdUtils.hashInitCode
DA:122,0
DA:126,0
FN:126,StdUtils.getTokenBalances
FNDA:0,StdUtils.getTokenBalances
DA:131,0
DA:133,0
DA:135,0
BRDA:135,10,0,-
BRDA:135,10,1,-
DA:138,0
DA:139,0
DA:140,0
DA:142,0
DA:146,0
DA:149,0
DA:150,0
DA:151,0
DA:159,0
FN:159,StdUtils.addressFromLast20Bytes
FNDA:0,StdUtils.addressFromLast20Bytes
DA:160,0
DA:166,0
FN:166,StdUtils._castLogPayloadViewToPure
FNDA:0,StdUtils._castLogPayloadViewToPure
DA:172,0
DA:176,0
FN:176,StdUtils._sendLogPayload
FNDA:0,StdUtils._sendLogPayload
DA:177,0
DA:180,0
FN:180,StdUtils._sendLogPayloadView
FNDA:0,StdUtils._sendLogPayloadView
DA:181,0
DA:182,0
DA:184,0
DA:185,0
DA:189,0
FN:189,StdUtils.console2_log_StdUtils
FNDA:0,StdUtils.console2_log_StdUtils
DA:190,0
DA:193,0
FN:193,StdUtils.console2_log_StdUtils
FNDA:0,StdUtils.console2_log_StdUtils
DA:194,0
DA:197,0
FN:197,StdUtils.console2_log_StdUtils
FNDA:0,StdUtils.console2_log_StdUtils
DA:198,0
FNF:19
FNH:2
LF:74
LH:13
BRF:11
BRH:2
end_of_record
TN:
SF:lib/forge-std/src/console.sol
DA:7,0
FN:7,console._sendLogPayloadImplementation
FNDA:0,console._sendLogPayloadImplementation
DA:8,0
DA:10,0
DA:14,0
FN:14,console._castToPure
FNDA:0,console._castToPure
DA:20,0
DA:24,0
FN:24,console._sendLogPayload
FNDA:0,console._sendLogPayload
DA:25,0
DA:28,0
FN:28,console.log
FNDA:0,console.log
DA:29,0
DA:32,0
FN:32,console.logInt
FNDA:0,console.logInt
DA:33,0
DA:36,0
FN:36,console.logUint
FNDA:0,console.logUint
DA:37,0
DA:40,0
FN:40,console.logString
FNDA:0,console.logString
DA:41,0
DA:44,0
FN:44,console.logBool
FNDA:0,console.logBool
DA:45,0
DA:48,0
FN:48,console.logAddress
FNDA:0,console.logAddress
DA:49,0
DA:52,0
FN:52,console.logBytes
FNDA:0,console.logBytes
DA:53,0
DA:56,0
FN:56,console.logBytes1
FNDA:0,console.logBytes1
DA:57,0
DA:60,0
FN:60,console.logBytes2
FNDA:0,console.logBytes2
DA:61,0
DA:64,0
FN:64,console.logBytes3
FNDA:0,console.logBytes3
DA:65,0
DA:68,0
FN:68,console.logBytes4
FNDA:0,console.logBytes4
DA:69,0
DA:72,0
FN:72,console.logBytes5
FNDA:0,console.logBytes5
DA:73,0
DA:76,0
FN:76,console.logBytes6
FNDA:0,console.logBytes6
DA:77,0
DA:80,0
FN:80,console.logBytes7
FNDA:0,console.logBytes7
DA:81,0
DA:84,0
FN:84,console.logBytes8
FNDA:0,console.logBytes8
DA:85,0
DA:88,0
FN:88,console.logBytes9
FNDA:0,console.logBytes9
DA:89,0
DA:92,0
FN:92,console.logBytes10
FNDA:0,console.logBytes10
DA:93,0
DA:96,0
FN:96,console.logBytes11
FNDA:0,console.logBytes11
DA:97,0
DA:100,0
FN:100,console.logBytes12
FNDA:0,console.logBytes12
DA:101,0
DA:104,0
FN:104,console.logBytes13
FNDA:0,console.logBytes13
DA:105,0
DA:108,0
FN:108,console.logBytes14
FNDA:0,console.logBytes14
DA:109,0
DA:112,0
FN:112,console.logBytes15
FNDA:0,console.logBytes15
DA:113,0
DA:116,0
FN:116,console.logBytes16
FNDA:0,console.logBytes16
DA:117,0
DA:120,0
FN:120,console.logBytes17
FNDA:0,console.logBytes17
DA:121,0
DA:124,0
FN:124,console.logBytes18
FNDA:0,console.logBytes18
DA:125,0
DA:128,0
FN:128,console.logBytes19
FNDA:0,console.logBytes19
DA:129,0
DA:132,0
FN:132,console.logBytes20
FNDA:0,console.logBytes20
DA:133,0
DA:136,0
FN:136,console.logBytes21
FNDA:0,console.logBytes21
DA:137,0
DA:140,0
FN:140,console.logBytes22
FNDA:0,console.logBytes22
DA:141,0
DA:144,0
FN:144,console.logBytes23
FNDA:0,console.logBytes23
DA:145,0
DA:148,0
FN:148,console.logBytes24
FNDA:0,console.logBytes24
DA:149,0
DA:152,0
FN:152,console.logBytes25
FNDA:0,console.logBytes25
DA:153,0
DA:156,0
FN:156,console.logBytes26
FNDA:0,console.logBytes26
DA:157,0
DA:160,0
FN:160,console.logBytes27
FNDA:0,console.logBytes27
DA:161,0
DA:164,0
FN:164,console.logBytes28
FNDA:0,console.logBytes28
DA:165,0
DA:168,0
FN:168,console.logBytes29
FNDA:0,console.logBytes29
DA:169,0
DA:172,0
FN:172,console.logBytes30
FNDA:0,console.logBytes30
DA:173,0
DA:176,0
FN:176,console.logBytes31
FNDA:0,console.logBytes31
DA:177,0
DA:180,0
FN:180,console.logBytes32
FNDA:0,console.logBytes32
DA:181,0
DA:184,0
FN:184,console.log
FNDA:0,console.log
DA:185,0
DA:188,0
FN:188,console.log
FNDA:0,console.log
DA:189,0
DA:192,0
FN:192,console.log
FNDA:0,console.log
DA:193,0
DA:196,0
FN:196,console.log
FNDA:0,console.log
DA:197,0
DA:200,0
FN:200,console.log
FNDA:0,console.log
DA:201,0
DA:204,0
FN:204,console.log
FNDA:0,console.log
DA:205,0
DA:208,0
FN:208,console.log
FNDA:0,console.log
DA:209,0
DA:212,0
FN:212,console.log
FNDA:0,console.log
DA:213,0
DA:216,0
FN:216,console.log
FNDA:0,console.log
DA:217,0
DA:220,0
FN:220,console.log
FNDA:0,console.log
DA:221,0
DA:224,0
FN:224,console.log
FNDA:0,console.log
DA:225,0
DA:228,0
FN:228,console.log
FNDA:0,console.log
DA:229,0
DA:232,0
FN:232,console.log
FNDA:0,console.log
DA:233,0
DA:236,0
FN:236,console.log
FNDA:0,console.log
DA:237,0
DA:240,0
FN:240,console.log
FNDA:0,console.log
DA:241,0
DA:244,0
FN:244,console.log
FNDA:0,console.log
DA:245,0
DA:248,0
FN:248,console.log
FNDA:0,console.log
DA:249,0
DA:252,0
FN:252,console.log
FNDA:0,console.log
DA:253,0
DA:256,0
FN:256,console.log
FNDA:0,console.log
DA:257,0
DA:260,0
FN:260,console.log
FNDA:0,console.log
DA:261,0
DA:264,0
FN:264,console.log
FNDA:0,console.log
DA:265,0
DA:268,0
FN:268,console.log
FNDA:0,console.log
DA:269,0
DA:272,0
FN:272,console.log
FNDA:0,console.log
DA:273,0
DA:276,0
FN:276,console.log
FNDA:0,console.log
DA:277,0
DA:280,0
FN:280,console.log
FNDA:0,console.log
DA:281,0
DA:284,0
FN:284,console.log
FNDA:0,console.log
DA:285,0
DA:288,0
FN:288,console.log
FNDA:0,console.log
DA:289,0
DA:292,0
FN:292,console.log
FNDA:0,console.log
DA:293,0
DA:296,0
FN:296,console.log
FNDA:0,console.log
DA:297,0
DA:300,0
FN:300,console.log
FNDA:0,console.log
DA:301,0
DA:304,0
FN:304,console.log
FNDA:0,console.log
DA:305,0
DA:308,0
FN:308,console.log
FNDA:0,console.log
DA:309,0
DA:312,0
FN:312,console.log
FNDA:0,console.log
DA:313,0
DA:316,0
FN:316,console.log
FNDA:0,console.log
DA:317,0
DA:320,0
FN:320,console.log
FNDA:0,console.log
DA:321,0
DA:324,0
FN:324,console.log
FNDA:0,console.log
DA:325,0
DA:328,0
FN:328,console.log
FNDA:0,console.log
DA:329,0
DA:332,0
FN:332,console.log
FNDA:0,console.log
DA:333,0
DA:336,0
FN:336,console.log
FNDA:0,console.log
DA:337,0
DA:340,0
FN:340,console.log
FNDA:0,console.log
DA:341,0
DA:344,0
FN:344,console.log
FNDA:0,console.log
DA:345,0
DA:348,0
FN:348,console.log
FNDA:0,console.log
DA:349,0
DA:352,0
FN:352,console.log
FNDA:0,console.log
DA:353,0
DA:356,0
FN:356,console.log
FNDA:0,console.log
DA:357,0
DA:360,0
FN:360,console.log
FNDA:0,console.log
DA:361,0
DA:364,0
FN:364,console.log
FNDA:0,console.log
DA:365,0
DA:368,0
FN:368,console.log
FNDA:0,console.log
DA:369,0
DA:372,0
FN:372,console.log
FNDA:0,console.log
DA:373,0
DA:376,0
FN:376,console.log
FNDA:0,console.log
DA:377,0
DA:380,0
FN:380,console.log
FNDA:0,console.log
DA:381,0
DA:384,0
FN:384,console.log
FNDA:0,console.log
DA:385,0
DA:388,0
FN:388,console.log
FNDA:0,console.log
DA:389,0
DA:392,0
FN:392,console.log
FNDA:0,console.log
DA:393,0
DA:396,0
FN:396,console.log
FNDA:0,console.log
DA:397,0
DA:400,0
FN:400,console.log
FNDA:0,console.log
DA:401,0
DA:404,0
FN:404,console.log
FNDA:0,console.log
DA:405,0
DA:408,0
FN:408,console.log
FNDA:0,console.log
DA:409,0
DA:412,0
FN:412,console.log
FNDA:0,console.log
DA:413,0
DA:416,0
FN:416,console.log
FNDA:0,console.log
DA:417,0
DA:420,0
FN:420,console.log
FNDA:0,console.log
DA:421,0
DA:424,0
FN:424,console.log
FNDA:0,console.log
DA:425,0
DA:428,0
FN:428,console.log
FNDA:0,console.log
DA:429,0
DA:432,0
FN:432,console.log
FNDA:0,console.log
DA:433,0
DA:436,0
FN:436,console.log
FNDA:0,console.log
DA:437,0
DA:440,0
FN:440,console.log
FNDA:0,console.log
DA:441,0
DA:444,0
FN:444,console.log
FNDA:0,console.log
DA:445,0
DA:448,0
FN:448,console.log
FNDA:0,console.log
DA:449,0
DA:452,0
FN:452,console.log
FNDA:0,console.log
DA:453,0
DA:456,0
FN:456,console.log
FNDA:0,console.log
DA:457,0
DA:460,0
FN:460,console.log
FNDA:0,console.log
DA:461,0
DA:464,0
FN:464,console.log
FNDA:0,console.log
DA:465,0
DA:468,0
FN:468,console.log
FNDA:0,console.log
DA:469,0
DA:472,0
FN:472,console.log
FNDA:0,console.log
DA:473,0
DA:476,0
FN:476,console.log
FNDA:0,console.log
DA:477,0
DA:480,0
FN:480,console.log
FNDA:0,console.log
DA:481,0
DA:484,0
FN:484,console.log
FNDA:0,console.log
DA:485,0
DA:488,0
FN:488,console.log
FNDA:0,console.log
DA:489,0
DA:492,0
FN:492,console.log
FNDA:0,console.log
DA:493,0
DA:496,0
FN:496,console.log
FNDA:0,console.log
DA:497,0
DA:500,0
FN:500,console.log
FNDA:0,console.log
DA:501,0
DA:504,0
FN:504,console.log
FNDA:0,console.log
DA:505,0
DA:508,0
FN:508,console.log
FNDA:0,console.log
DA:509,0
DA:512,0
FN:512,console.log
FNDA:0,console.log
DA:513,0
DA:516,0
FN:516,console.log
FNDA:0,console.log
DA:517,0
DA:520,0
FN:520,console.log
FNDA:0,console.log
DA:521,0
DA:524,0
FN:524,console.log
FNDA:0,console.log
DA:525,0
DA:528,0
FN:528,console.log
FNDA:0,console.log
DA:529,0
DA:532,0
FN:532,console.log
FNDA:0,console.log
DA:533,0
DA:536,0
FN:536,console.log
FNDA:0,console.log
DA:537,0
DA:540,0
FN:540,console.log
FNDA:0,console.log
DA:541,0
DA:544,0
FN:544,console.log
FNDA:0,console.log
DA:545,0
DA:548,0
FN:548,console.log
FNDA:0,console.log
DA:549,0
DA:552,0
FN:552,console.log
FNDA:0,console.log
DA:553,0
DA:556,0
FN:556,console.log
FNDA:0,console.log
DA:557,0
DA:560,0
FN:560,console.log
FNDA:0,console.log
DA:561,0
DA:564,0
FN:564,console.log
FNDA:0,console.log
DA:565,0
DA:568,0
FN:568,console.log
FNDA:0,console.log
DA:569,0
DA:572,0
FN:572,console.log
FNDA:0,console.log
DA:573,0
DA:576,0
FN:576,console.log
FNDA:0,console.log
DA:577,0
DA:580,0
FN:580,console.log
FNDA:0,console.log
DA:581,0
DA:584,0
FN:584,console.log
FNDA:0,console.log
DA:585,0
DA:588,0
FN:588,console.log
FNDA:0,console.log
DA:589,0
DA:592,0
FN:592,console.log
FNDA:0,console.log
DA:593,0
DA:596,0
FN:596,console.log
FNDA:0,console.log
DA:597,0
DA:600,0
FN:600,console.log
FNDA:0,console.log
DA:601,0
DA:604,0
FN:604,console.log
FNDA:0,console.log
DA:605,0
DA:608,0
FN:608,console.log
FNDA:0,console.log
DA:609,0
DA:612,0
FN:612,console.log
FNDA:0,console.log
DA:613,0
DA:616,0
FN:616,console.log
FNDA:0,console.log
DA:617,0
DA:620,0
FN:620,console.log
FNDA:0,console.log
DA:621,0
DA:624,0
FN:624,console.log
FNDA:0,console.log
DA:625,0
DA:628,0
FN:628,console.log
FNDA:0,console.log
DA:629,0
DA:632,0
FN:632,console.log
FNDA:0,console.log
DA:633,0
DA:636,0
FN:636,console.log
FNDA:0,console.log
DA:637,0
DA:640,0
FN:640,console.log
FNDA:0,console.log
DA:641,0
DA:644,0
FN:644,console.log
FNDA:0,console.log
DA:645,0
DA:648,0
FN:648,console.log
FNDA:0,console.log
DA:649,0
DA:652,0
FN:652,console.log
FNDA:0,console.log
DA:653,0
DA:656,0
FN:656,console.log
FNDA:0,console.log
DA:657,0
DA:660,0
FN:660,console.log
FNDA:0,console.log
DA:661,0
DA:664,0
FN:664,console.log
FNDA:0,console.log
DA:665,0
DA:668,0
FN:668,console.log
FNDA:0,console.log
DA:669,0
DA:672,0
FN:672,console.log
FNDA:0,console.log
DA:673,0
DA:676,0
FN:676,console.log
FNDA:0,console.log
DA:677,0
DA:680,0
FN:680,console.log
FNDA:0,console.log
DA:681,0
DA:684,0
FN:684,console.log
FNDA:0,console.log
DA:685,0
DA:688,0
FN:688,console.log
FNDA:0,console.log
DA:689,0
DA:692,0
FN:692,console.log
FNDA:0,console.log
DA:693,0
DA:696,0
FN:696,console.log
FNDA:0,console.log
DA:697,0
DA:700,0
FN:700,console.log
FNDA:0,console.log
DA:701,0
DA:704,0
FN:704,console.log
FNDA:0,console.log
DA:705,0
DA:708,0
FN:708,console.log
FNDA:0,console.log
DA:709,0
DA:712,0
FN:712,console.log
FNDA:0,console.log
DA:713,0
DA:716,0
FN:716,console.log
FNDA:0,console.log
DA:717,0
DA:720,0
FN:720,console.log
FNDA:0,console.log
DA:721,0
DA:724,0
FN:724,console.log
FNDA:0,console.log
DA:725,0
DA:728,0
FN:728,console.log
FNDA:0,console.log
DA:729,0
DA:732,0
FN:732,console.log
FNDA:0,console.log
DA:733,0
DA:736,0
FN:736,console.log
FNDA:0,console.log
DA:737,0
DA:740,0
FN:740,console.log
FNDA:0,console.log
DA:741,0
DA:744,0
FN:744,console.log
FNDA:0,console.log
DA:745,0
DA:748,0
FN:748,console.log
FNDA:0,console.log
DA:749,0
DA:752,0
FN:752,console.log
FNDA:0,console.log
DA:753,0
DA:756,0
FN:756,console.log
FNDA:0,console.log
DA:757,0
DA:760,0
FN:760,console.log
FNDA:0,console.log
DA:761,0
DA:764,0
FN:764,console.log
FNDA:0,console.log
DA:765,0
DA:768,0
FN:768,console.log
FNDA:0,console.log
DA:769,0
DA:772,0
FN:772,console.log
FNDA:0,console.log
DA:773,0
DA:776,0
FN:776,console.log
FNDA:0,console.log
DA:777,0
DA:780,0
FN:780,console.log
FNDA:0,console.log
DA:781,0
DA:784,0
FN:784,console.log
FNDA:0,console.log
DA:785,0
DA:788,0
FN:788,console.log
FNDA:0,console.log
DA:789,0
DA:792,0
FN:792,console.log
FNDA:0,console.log
DA:793,0
DA:796,0
FN:796,console.log
FNDA:0,console.log
DA:797,0
DA:800,0
FN:800,console.log
FNDA:0,console.log
DA:801,0
DA:804,0
FN:804,console.log
FNDA:0,console.log
DA:805,0
DA:808,0
FN:808,console.log
FNDA:0,console.log
DA:809,0
DA:812,0
FN:812,console.log
FNDA:0,console.log
DA:813,0
DA:816,0
FN:816,console.log
FNDA:0,console.log
DA:817,0
DA:820,0
FN:820,console.log
FNDA:0,console.log
DA:821,0
DA:824,0
FN:824,console.log
FNDA:0,console.log
DA:825,0
DA:828,0
FN:828,console.log
FNDA:0,console.log
DA:829,0
DA:832,0
FN:832,console.log
FNDA:0,console.log
DA:833,0
DA:836,0
FN:836,console.log
FNDA:0,console.log
DA:837,0
DA:840,0
FN:840,console.log
FNDA:0,console.log
DA:841,0
DA:844,0
FN:844,console.log
FNDA:0,console.log
DA:845,0
DA:848,0
FN:848,console.log
FNDA:0,console.log
DA:849,0
DA:852,0
FN:852,console.log
FNDA:0,console.log
DA:853,0
DA:856,0
FN:856,console.log
FNDA:0,console.log
DA:857,0
DA:860,0
FN:860,console.log
FNDA:0,console.log
DA:861,0
DA:864,0
FN:864,console.log
FNDA:0,console.log
DA:865,0
DA:868,0
FN:868,console.log
FNDA:0,console.log
DA:869,0
DA:872,0
FN:872,console.log
FNDA:0,console.log
DA:873,0
DA:876,0
FN:876,console.log
FNDA:0,console.log
DA:877,0
DA:880,0
FN:880,console.log
FNDA:0,console.log
DA:881,0
DA:884,0
FN:884,console.log
FNDA:0,console.log
DA:885,0
DA:888,0
FN:888,console.log
FNDA:0,console.log
DA:889,0
DA:892,0
FN:892,console.log
FNDA:0,console.log
DA:893,0
DA:896,0
FN:896,console.log
FNDA:0,console.log
DA:897,0
DA:900,0
FN:900,console.log
FNDA:0,console.log
DA:901,0
DA:904,0
FN:904,console.log
FNDA:0,console.log
DA:905,0
DA:908,0
FN:908,console.log
FNDA:0,console.log
DA:909,0
DA:912,0
FN:912,console.log
FNDA:0,console.log
DA:913,0
DA:916,0
FN:916,console.log
FNDA:0,console.log
DA:917,0
DA:920,0
FN:920,console.log
FNDA:0,console.log
DA:921,0
DA:924,0
FN:924,console.log
FNDA:0,console.log
DA:925,0
DA:928,0
FN:928,console.log
FNDA:0,console.log
DA:929,0
DA:932,0
FN:932,console.log
FNDA:0,console.log
DA:933,0
DA:936,0
FN:936,console.log
FNDA:0,console.log
DA:937,0
DA:940,0
FN:940,console.log
FNDA:0,console.log
DA:941,0
DA:944,0
FN:944,console.log
FNDA:0,console.log
DA:945,0
DA:948,0
FN:948,console.log
FNDA:0,console.log
DA:949,0
DA:952,0
FN:952,console.log
FNDA:0,console.log
DA:953,0
DA:956,0
FN:956,console.log
FNDA:0,console.log
DA:957,0
DA:960,0
FN:960,console.log
FNDA:0,console.log
DA:961,0
DA:964,0
FN:964,console.log
FNDA:0,console.log
DA:965,0
DA:968,0
FN:968,console.log
FNDA:0,console.log
DA:969,0
DA:972,0
FN:972,console.log
FNDA:0,console.log
DA:973,0
DA:976,0
FN:976,console.log
FNDA:0,console.log
DA:977,0
DA:980,0
FN:980,console.log
FNDA:0,console.log
DA:981,0
DA:984,0
FN:984,console.log
FNDA:0,console.log
DA:985,0
DA:988,0
FN:988,console.log
FNDA:0,console.log
DA:989,0
DA:992,0
FN:992,console.log
FNDA:0,console.log
DA:993,0
DA:996,0
FN:996,console.log
FNDA:0,console.log
DA:997,0
DA:1000,0
FN:1000,console.log
FNDA:0,console.log
DA:1001,0
DA:1004,0
FN:1004,console.log
FNDA:0,console.log
DA:1005,0
DA:1008,0
FN:1008,console.log
FNDA:0,console.log
DA:1009,0
DA:1012,0
FN:1012,console.log
FNDA:0,console.log
DA:1013,0
DA:1016,0
FN:1016,console.log
FNDA:0,console.log
DA:1017,0
DA:1020,0
FN:1020,console.log
FNDA:0,console.log
DA:1021,0
DA:1024,0
FN:1024,console.log
FNDA:0,console.log
DA:1025,0
DA:1028,0
FN:1028,console.log
FNDA:0,console.log
DA:1029,0
DA:1032,0
FN:1032,console.log
FNDA:0,console.log
DA:1033,0
DA:1036,0
FN:1036,console.log
FNDA:0,console.log
DA:1037,0
DA:1040,0
FN:1040,console.log
FNDA:0,console.log
DA:1041,0
DA:1044,0
FN:1044,console.log
FNDA:0,console.log
DA:1045,0
DA:1048,0
FN:1048,console.log
FNDA:0,console.log
DA:1049,0
DA:1052,0
FN:1052,console.log
FNDA:0,console.log
DA:1053,0
DA:1056,0
FN:1056,console.log
FNDA:0,console.log
DA:1057,0
DA:1060,0
FN:1060,console.log
FNDA:0,console.log
DA:1061,0
DA:1064,0
FN:1064,console.log
FNDA:0,console.log
DA:1065,0
DA:1068,0
FN:1068,console.log
FNDA:0,console.log
DA:1069,0
DA:1072,0
FN:1072,console.log
FNDA:0,console.log
DA:1073,0
DA:1076,0
FN:1076,console.log
FNDA:0,console.log
DA:1077,0
DA:1080,0
FN:1080,console.log
FNDA:0,console.log
DA:1081,0
DA:1084,0
FN:1084,console.log
FNDA:0,console.log
DA:1085,0
DA:1088,0
FN:1088,console.log
FNDA:0,console.log
DA:1089,0
DA:1092,0
FN:1092,console.log
FNDA:0,console.log
DA:1093,0
DA:1096,0
FN:1096,console.log
FNDA:0,console.log
DA:1097,0
DA:1100,0
FN:1100,console.log
FNDA:0,console.log
DA:1101,0
DA:1104,0
FN:1104,console.log
FNDA:0,console.log
DA:1105,0
DA:1108,0
FN:1108,console.log
FNDA:0,console.log
DA:1109,0
DA:1112,0
FN:1112,console.log
FNDA:0,console.log
DA:1113,0
DA:1116,0
FN:1116,console.log
FNDA:0,console.log
DA:1117,0
DA:1120,0
FN:1120,console.log
FNDA:0,console.log
DA:1121,0
DA:1124,0
FN:1124,console.log
FNDA:0,console.log
DA:1125,0
DA:1128,0
FN:1128,console.log
FNDA:0,console.log
DA:1129,0
DA:1132,0
FN:1132,console.log
FNDA:0,console.log
DA:1133,0
DA:1136,0
FN:1136,console.log
FNDA:0,console.log
DA:1137,0
DA:1140,0
FN:1140,console.log
FNDA:0,console.log
DA:1141,0
DA:1144,0
FN:1144,console.log
FNDA:0,console.log
DA:1145,0
DA:1148,0
FN:1148,console.log
FNDA:0,console.log
DA:1149,0
DA:1152,0
FN:1152,console.log
FNDA:0,console.log
DA:1153,0
DA:1156,0
FN:1156,console.log
FNDA:0,console.log
DA:1157,0
DA:1160,0
FN:1160,console.log
FNDA:0,console.log
DA:1161,0
DA:1164,0
FN:1164,console.log
FNDA:0,console.log
DA:1165,0
DA:1168,0
FN:1168,console.log
FNDA:0,console.log
DA:1169,0
DA:1172,0
FN:1172,console.log
FNDA:0,console.log
DA:1173,0
DA:1176,0
FN:1176,console.log
FNDA:0,console.log
DA:1177,0
DA:1180,0
FN:1180,console.log
FNDA:0,console.log
DA:1181,0
DA:1184,0
FN:1184,console.log
FNDA:0,console.log
DA:1185,0
DA:1188,0
FN:1188,console.log
FNDA:0,console.log
DA:1189,0
DA:1192,0
FN:1192,console.log
FNDA:0,console.log
DA:1193,0
DA:1196,0
FN:1196,console.log
FNDA:0,console.log
DA:1197,0
DA:1200,0
FN:1200,console.log
FNDA:0,console.log
DA:1201,0
DA:1204,0
FN:1204,console.log
FNDA:0,console.log
DA:1205,0
DA:1208,0
FN:1208,console.log
FNDA:0,console.log
DA:1209,0
DA:1212,0
FN:1212,console.log
FNDA:0,console.log
DA:1213,0
DA:1216,0
FN:1216,console.log
FNDA:0,console.log
DA:1217,0
DA:1220,0
FN:1220,console.log
FNDA:0,console.log
DA:1221,0
DA:1224,0
FN:1224,console.log
FNDA:0,console.log
DA:1225,0
DA:1228,0
FN:1228,console.log
FNDA:0,console.log
DA:1229,0
DA:1232,0
FN:1232,console.log
FNDA:0,console.log
DA:1233,0
DA:1236,0
FN:1236,console.log
FNDA:0,console.log
DA:1237,0
DA:1240,0
FN:1240,console.log
FNDA:0,console.log
DA:1241,0
DA:1244,0
FN:1244,console.log
FNDA:0,console.log
DA:1245,0
DA:1248,0
FN:1248,console.log
FNDA:0,console.log
DA:1249,0
DA:1252,0
FN:1252,console.log
FNDA:0,console.log
DA:1253,0
DA:1256,0
FN:1256,console.log
FNDA:0,console.log
DA:1257,0
DA:1260,0
FN:1260,console.log
FNDA:0,console.log
DA:1261,0
DA:1264,0
FN:1264,console.log
FNDA:0,console.log
DA:1265,0
DA:1268,0
FN:1268,console.log
FNDA:0,console.log
DA:1269,0
DA:1272,0
FN:1272,console.log
FNDA:0,console.log
DA:1273,0
DA:1276,0
FN:1276,console.log
FNDA:0,console.log
DA:1277,0
DA:1280,0
FN:1280,console.log
FNDA:0,console.log
DA:1281,0
DA:1284,0
FN:1284,console.log
FNDA:0,console.log
DA:1285,0
DA:1288,0
FN:1288,console.log
FNDA:0,console.log
DA:1289,0
DA:1292,0
FN:1292,console.log
FNDA:0,console.log
DA:1293,0
DA:1296,0
FN:1296,console.log
FNDA:0,console.log
DA:1297,0
DA:1300,0
FN:1300,console.log
FNDA:0,console.log
DA:1301,0
DA:1304,0
FN:1304,console.log
FNDA:0,console.log
DA:1305,0
DA:1308,0
FN:1308,console.log
FNDA:0,console.log
DA:1309,0
DA:1312,0
FN:1312,console.log
FNDA:0,console.log
DA:1313,0
DA:1316,0
FN:1316,console.log
FNDA:0,console.log
DA:1317,0
DA:1320,0
FN:1320,console.log
FNDA:0,console.log
DA:1321,0
DA:1324,0
FN:1324,console.log
FNDA:0,console.log
DA:1325,0
DA:1328,0
FN:1328,console.log
FNDA:0,console.log
DA:1329,0
DA:1332,0
FN:1332,console.log
FNDA:0,console.log
DA:1333,0
DA:1336,0
FN:1336,console.log
FNDA:0,console.log
DA:1337,0
DA:1340,0
FN:1340,console.log
FNDA:0,console.log
DA:1341,0
DA:1344,0
FN:1344,console.log
FNDA:0,console.log
DA:1345,0
DA:1348,0
FN:1348,console.log
FNDA:0,console.log
DA:1349,0
DA:1352,0
FN:1352,console.log
FNDA:0,console.log
DA:1353,0
DA:1356,0
FN:1356,console.log
FNDA:0,console.log
DA:1357,0
DA:1360,0
FN:1360,console.log
FNDA:0,console.log
DA:1361,0
DA:1364,0
FN:1364,console.log
FNDA:0,console.log
DA:1365,0
DA:1368,0
FN:1368,console.log
FNDA:0,console.log
DA:1369,0
DA:1372,0
FN:1372,console.log
FNDA:0,console.log
DA:1373,0
DA:1376,0
FN:1376,console.log
FNDA:0,console.log
DA:1377,0
DA:1380,0
FN:1380,console.log
FNDA:0,console.log
DA:1381,0
DA:1384,0
FN:1384,console.log
FNDA:0,console.log
DA:1385,0
DA:1388,0
FN:1388,console.log
FNDA:0,console.log
DA:1389,0
DA:1392,0
FN:1392,console.log
FNDA:0,console.log
DA:1393,0
DA:1396,0
FN:1396,console.log
FNDA:0,console.log
DA:1397,0
DA:1400,0
FN:1400,console.log
FNDA:0,console.log
DA:1401,0
DA:1404,0
FN:1404,console.log
FNDA:0,console.log
DA:1405,0
DA:1408,0
FN:1408,console.log
FNDA:0,console.log
DA:1409,0
DA:1412,0
FN:1412,console.log
FNDA:0,console.log
DA:1413,0
DA:1416,0
FN:1416,console.log
FNDA:0,console.log
DA:1417,0
DA:1420,0
FN:1420,console.log
FNDA:0,console.log
DA:1421,0
DA:1424,0
FN:1424,console.log
FNDA:0,console.log
DA:1425,0
DA:1428,0
FN:1428,console.log
FNDA:0,console.log
DA:1429,0
DA:1432,0
FN:1432,console.log
FNDA:0,console.log
DA:1433,0
DA:1436,0
FN:1436,console.log
FNDA:0,console.log
DA:1437,0
DA:1440,0
FN:1440,console.log
FNDA:0,console.log
DA:1441,0
DA:1444,0
FN:1444,console.log
FNDA:0,console.log
DA:1445,0
DA:1448,0
FN:1448,console.log
FNDA:0,console.log
DA:1449,0
DA:1452,0
FN:1452,console.log
FNDA:0,console.log
DA:1453,0
DA:1456,0
FN:1456,console.log
FNDA:0,console.log
DA:1457,0
DA:1460,0
FN:1460,console.log
FNDA:0,console.log
DA:1461,0
DA:1464,0
FN:1464,console.log
FNDA:0,console.log
DA:1465,0
DA:1468,0
FN:1468,console.log
FNDA:0,console.log
DA:1469,0
DA:1472,0
FN:1472,console.log
FNDA:0,console.log
DA:1473,0
DA:1476,0
FN:1476,console.log
FNDA:0,console.log
DA:1477,0
DA:1480,0
FN:1480,console.log
FNDA:0,console.log
DA:1481,0
DA:1484,0
FN:1484,console.log
FNDA:0,console.log
DA:1485,0
DA:1488,0
FN:1488,console.log
FNDA:0,console.log
DA:1489,0
DA:1492,0
FN:1492,console.log
FNDA:0,console.log
DA:1493,0
DA:1496,0
FN:1496,console.log
FNDA:0,console.log
DA:1497,0
DA:1500,0
FN:1500,console.log
FNDA:0,console.log
DA:1501,0
DA:1504,0
FN:1504,console.log
FNDA:0,console.log
DA:1505,0
DA:1508,0
FN:1508,console.log
FNDA:0,console.log
DA:1509,0
DA:1512,0
FN:1512,console.log
FNDA:0,console.log
DA:1513,0
DA:1516,0
FN:1516,console.log
FNDA:0,console.log
DA:1517,0
DA:1520,0
FN:1520,console.log
FNDA:0,console.log
DA:1521,0
DA:1524,0
FN:1524,console.log
FNDA:0,console.log
DA:1525,0
DA:1528,0
FN:1528,console.log
FNDA:0,console.log
DA:1529,0
DA:1532,0
FN:1532,console.log
FNDA:0,console.log
DA:1533,0
DA:1536,0
FN:1536,console.log
FNDA:0,console.log
DA:1537,0
DA:1540,0
FN:1540,console.log
FNDA:0,console.log
DA:1541,0
DA:1544,0
FN:1544,console.log
FNDA:0,console.log
DA:1545,0
DA:1548,0
FN:1548,console.log
FNDA:0,console.log
DA:1549,0
FNF:384
FNH:0
LF:769
LH:0
BRF:0
BRH:0
end_of_record
TN:
SF:lib/forge-std/src/safeconsole.sol
DA:11,0
FN:11,safeconsole._sendLogPayload
FNDA:0,safeconsole._sendLogPayload
DA:12,0
DA:13,0
DA:15,0
DA:17,0
DA:20,0
FN:20,safeconsole._sendLogPayloadView
FNDA:0,safeconsole._sendLogPayloadView
DA:22,0
DA:26,0
FN:26,safeconsole._memcopy
FNDA:0,safeconsole._memcopy
DA:27,0
DA:28,0
DA:30,0
DA:32,0
DA:35,0
FN:35,safeconsole._memcopyView
FNDA:0,safeconsole._memcopyView
DA:37,0
DA:41,0
FN:41,safeconsole.logMemory
FNDA:0,safeconsole.logMemory
DA:42,0
BRDA:42,0,0,-
BRDA:42,0,1,-
DA:44,0
DA:45,0
DA:46,0
DA:48,0
DA:49,0
DA:50,0
DA:52,0
DA:53,0
DA:54,0
DA:56,0
DA:58,0
DA:59,0
DA:60,0
DA:64,0
DA:65,0
DA:66,0
DA:67,0
DA:69,0
DA:70,0
DA:71,0
DA:73,0
DA:76,0
DA:77,0
DA:78,0
DA:80,0
DA:81,0
DA:83,0
DA:84,0
DA:85,0
DA:90,0
FN:90,safeconsole.log
FNDA:0,safeconsole.log
DA:91,0
DA:92,0
DA:94,0
DA:95,0
DA:97,0
DA:98,0
DA:100,0
DA:102,0
DA:103,0
DA:107,0
FN:107,safeconsole.log
FNDA:0,safeconsole.log
DA:108,0
DA:109,0
DA:111,0
DA:112,0
DA:114,0
DA:115,0
DA:117,0
DA:119,0
DA:120,0
DA:124,0
FN:124,safeconsole.log
FNDA:0,safeconsole.log
DA:125,0
DA:126,0
DA:128,0
DA:129,0
DA:131,0
DA:132,0
DA:134,0
DA:136,0
DA:137,0
DA:141,0
FN:141,safeconsole.log
FNDA:0,safeconsole.log
DA:142,0
DA:143,0
DA:144,0
DA:145,0
DA:147,0
FN:147,safeconsole.writeString
FNDA:0,safeconsole.writeString
DA:148,0
DA:149,0
BRDA:149,1,0,-
DA:150,0
DA:151,0
DA:152,0
DA:154,0
DA:155,0
DA:156,0
DA:157,0
DA:159,0
DA:160,0
DA:161,0
DA:163,0
DA:165,0
DA:166,0
DA:167,0
DA:168,0
DA:172,0
FN:172,safeconsole.log
FNDA:0,safeconsole.log
DA:173,0
DA:174,0
DA:175,0
DA:177,0
DA:178,0
DA:179,0
DA:181,0
DA:182,0
DA:183,0
DA:185,0
DA:187,0
DA:188,0
DA:189,0
DA:193,0
FN:193,safeconsole.log
FNDA:0,safeconsole.log
DA:194,0
DA:195,0
DA:196,0
DA:198,0
DA:199,0
DA:200,0
DA:202,0
DA:203,0
DA:204,0
DA:206,0
DA:208,0
DA:209,0
DA:210,0
DA:214,0
FN:214,safeconsole.log
FNDA:0,safeconsole.log
DA:215,0
DA:216,0
DA:217,0
DA:219,0
DA:220,0
DA:221,0
DA:223,0
DA:224,0
DA:225,0
DA:227,0
DA:229,0
DA:230,0
DA:231,0
DA:235,0
FN:235,safeconsole.log
FNDA:0,safeconsole.log
DA:236,0
DA:237,0
DA:238,0
DA:239,0
DA:240,0
DA:242,0
FN:242,safeconsole.writeString
FNDA:0,safeconsole.writeString
DA:243,0
DA:244,0
BRDA:244,2,0,-
DA:245,0
DA:246,0
DA:247,0
DA:249,0
DA:250,0
DA:251,0
DA:252,0
DA:253,0
DA:255,0
DA:256,0
DA:257,0
DA:258,0
DA:260,0
DA:262,0
DA:263,0
DA:264,0
DA:265,0
DA:266,0
DA:270,0
FN:270,safeconsole.log
FNDA:0,safeconsole.log
DA:271,0
DA:272,0
DA:273,0
DA:275,0
DA:276,0
DA:277,0
DA:279,0
DA:280,0
DA:281,0
DA:283,0
DA:285,0
DA:286,0
DA:287,0
DA:291,0
FN:291,safeconsole.log
FNDA:0,safeconsole.log
DA:292,0
DA:293,0
DA:294,0
DA:296,0
DA:297,0
DA:298,0
DA:300,0
DA:301,0
DA:302,0
DA:304,0
DA:306,0
DA:307,0
DA:308,0
DA:312,0
FN:312,safeconsole.log
FNDA:0,safeconsole.log
DA:313,0
DA:314,0
DA:315,0
DA:317,0
DA:318,0
DA:319,0
DA:321,0
DA:322,0
DA:323,0
DA:325,0
DA:327,0
DA:328,0
DA:329,0
DA:333,0
FN:333,safeconsole.log
FNDA:0,safeconsole.log
DA:334,0
DA:335,0
DA:336,0
DA:337,0
DA:338,0
DA:340,0
FN:340,safeconsole.writeString
FNDA:0,safeconsole.writeString
DA:341,0
DA:342,0
BRDA:342,3,0,-
DA:343,0
DA:344,0
DA:345,0
DA:347,0
DA:348,0
DA:349,0
DA:350,0
DA:351,0
DA:353,0
DA:354,0
DA:355,0
DA:356,0
DA:358,0
DA:360,0
DA:361,0
DA:362,0
DA:363,0
DA:364,0
DA:368,0
FN:368,safeconsole.log
FNDA:0,safeconsole.log
DA:369,0
DA:370,0
DA:371,0
DA:373,0
DA:374,0
DA:375,0
DA:377,0
DA:378,0
DA:379,0
DA:381,0
DA:383,0
DA:384,0
DA:385,0
DA:389,0
FN:389,safeconsole.log
FNDA:0,safeconsole.log
DA:390,0
DA:391,0
DA:392,0
DA:394,0
DA:395,0
DA:396,0
DA:398,0
DA:399,0
DA:400,0
DA:402,0
DA:404,0
DA:405,0
DA:406,0
DA:410,0
FN:410,safeconsole.log
FNDA:0,safeconsole.log
DA:411,0
DA:412,0
DA:413,0
DA:415,0
DA:416,0
DA:417,0
DA:419,0
DA:420,0
DA:421,0
DA:423,0
DA:425,0
DA:426,0
DA:427,0
DA:431,0
FN:431,safeconsole.log
FNDA:0,safeconsole.log
DA:432,0
DA:433,0
DA:434,0
DA:435,0
DA:436,0
DA:438,0
FN:438,safeconsole.writeString
FNDA:0,safeconsole.writeString
DA:439,0
DA:440,0
BRDA:440,4,0,-
DA:441,0
DA:442,0
DA:443,0
DA:445,0
DA:446,0
DA:447,0
DA:448,0
DA:449,0
DA:451,0
DA:452,0
DA:453,0
DA:454,0
DA:456,0
DA:458,0
DA:459,0
DA:460,0
DA:461,0
DA:462,0
DA:466,0
FN:466,safeconsole.log
FNDA:0,safeconsole.log
DA:467,0
DA:468,0
DA:469,0
DA:470,0
DA:471,0
DA:473,0
FN:473,safeconsole.writeString
FNDA:0,safeconsole.writeString
DA:474,0
DA:475,0
BRDA:475,5,0,-
DA:476,0
DA:477,0
DA:478,0
DA:480,0
DA:481,0
DA:482,0
DA:483,0
DA:484,0
DA:486,0
DA:487,0
DA:488,0
DA:489,0
DA:491,0
DA:493,0
DA:494,0
DA:495,0
DA:496,0
DA:497,0
DA:501,0
FN:501,safeconsole.log
FNDA:0,safeconsole.log
DA:502,0
DA:503,0
DA:504,0
DA:505,0
DA:506,0
DA:508,0
FN:508,safeconsole.writeString
FNDA:0,safeconsole.writeString
DA:509,0
DA:510,0
BRDA:510,6,0,-
DA:511,0
DA:512,0
DA:513,0
DA:515,0
DA:516,0
DA:517,0
DA:518,0
DA:519,0
DA:521,0
DA:522,0
DA:523,0
DA:524,0
DA:526,0
DA:528,0
DA:529,0
DA:530,0
DA:531,0
DA:532,0
DA:536,0
FN:536,safeconsole.log
FNDA:0,safeconsole.log
DA:537,0
DA:538,0
DA:539,0
DA:540,0
DA:541,0
DA:543,0
FN:543,safeconsole.writeString
FNDA:0,safeconsole.writeString
DA:544,0
DA:545,0
BRDA:545,7,0,-
DA:546,0
DA:547,0
DA:548,0
DA:550,0
DA:551,0
DA:552,0
DA:553,0
DA:554,0
DA:556,0
DA:557,0
DA:558,0
DA:559,0
DA:561,0
DA:563,0
DA:564,0
DA:565,0
DA:566,0
DA:567,0
DA:571,0
FN:571,safeconsole.log
FNDA:0,safeconsole.log
DA:572,0
DA:573,0
DA:574,0
DA:575,0
DA:576,0
DA:577,0
DA:578,0
DA:580,0
FN:580,safeconsole.writeString
FNDA:0,safeconsole.writeString
DA:581,0
DA:582,0
BRDA:582,8,0,-
DA:583,0
DA:584,0
DA:585,0
DA:587,0
DA:588,0
DA:589,0
DA:590,0
DA:591,0
DA:592,0
DA:593,0
DA:595,0
DA:596,0
DA:597,0
DA:598,0
DA:599,0
DA:601,0
DA:603,0
DA:604,0
DA:605,0
DA:606,0
DA:607,0
DA:608,0
DA:609,0
DA:613,0
FN:613,safeconsole.log
FNDA:0,safeconsole.log
DA:614,0
DA:615,0
DA:616,0
DA:617,0
DA:619,0
DA:620,0
DA:621,0
DA:622,0
DA:624,0
DA:625,0
DA:626,0
DA:627,0
DA:629,0
DA:631,0
DA:632,0
DA:633,0
DA:634,0
DA:638,0
FN:638,safeconsole.log
FNDA:0,safeconsole.log
DA:639,0
DA:640,0
DA:641,0
DA:642,0
DA:644,0
DA:645,0
DA:646,0
DA:647,0
DA:649,0
DA:650,0
DA:651,0
DA:652,0
DA:654,0
DA:656,0
DA:657,0
DA:658,0
DA:659,0
DA:663,0
FN:663,safeconsole.log
FNDA:0,safeconsole.log
DA:664,0
DA:665,0
DA:666,0
DA:667,0
DA:669,0
DA:670,0
DA:671,0
DA:672,0
DA:674,0
DA:675,0
DA:676,0
DA:677,0
DA:679,0
DA:681,0
DA:682,0
DA:683,0
DA:684,0
DA:688,0
FN:688,safeconsole.log
FNDA:0,safeconsole.log
DA:689,0
DA:690,0
DA:691,0
DA:692,0
DA:693,0
DA:694,0
DA:696,0
FN:696,safeconsole.writeString
FNDA:0,safeconsole.writeString
DA:697,0
DA:698,0
BRDA:698,9,0,-
DA:699,0
DA:700,0
DA:701,0
DA:703,0
DA:704,0
DA:705,0
DA:706,0
DA:707,0
DA:708,0
DA:710,0
DA:711,0
DA:712,0
DA:713,0
DA:714,0
DA:716,0
DA:718,0
DA:719,0
DA:720,0
DA:721,0
DA:722,0
DA:723,0
DA:727,0
FN:727,safeconsole.log
FNDA:0,safeconsole.log
DA:728,0
DA:729,0
DA:730,0
DA:731,0
DA:733,0
DA:734,0
DA:735,0
DA:736,0
DA:738,0
DA:739,0
DA:740,0
DA:741,0
DA:743,0
DA:745,0
DA:746,0
DA:747,0
DA:748,0
DA:752,0
FN:752,safeconsole.log
FNDA:0,safeconsole.log
DA:753,0
DA:754,0
DA:755,0
DA:756,0
DA:758,0
DA:759,0
DA:760,0
DA:761,0
DA:763,0
DA:764,0
DA:765,0
DA:766,0
DA:768,0
DA:770,0
DA:771,0
DA:772,0
DA:773,0
DA:777,0
FN:777,safeconsole.log
FNDA:0,safeconsole.log
DA:778,0
DA:779,0
DA:780,0
DA:781,0
DA:783,0
DA:784,0
DA:785,0
DA:786,0
DA:788,0
DA:789,0
DA:790,0
DA:791,0
DA:793,0
DA:795,0
DA:796,0
DA:797,0
DA:798,0
DA:802,0
FN:802,safeconsole.log
FNDA:0,safeconsole.log
DA:803,0
DA:804,0
DA:805,0
DA:806,0
DA:807,0
DA:808,0
DA:810,0
FN:810,safeconsole.writeString
FNDA:0,safeconsole.writeString
DA:811,0
DA:812,0
BRDA:812,10,0,-
DA:813,0
DA:814,0
DA:815,0
DA:817,0
DA:818,0
DA:819,0
DA:820,0
DA:821,0
DA:822,0
DA:824,0
DA:825,0
DA:826,0
DA:827,0
DA:828,0
DA:830,0
DA:832,0
DA:833,0
DA:834,0
DA:835,0
DA:836,0
DA:837,0
DA:841,0
FN:841,safeconsole.log
FNDA:0,safeconsole.log
DA:842,0
DA:843,0
DA:844,0
DA:845,0
DA:847,0
DA:848,0
DA:849,0
DA:850,0
DA:852,0
DA:853,0
DA:854,0
DA:855,0
DA:857,0
DA:859,0
DA:860,0
DA:861,0
DA:862,0
DA:866,0
FN:866,safeconsole.log
FNDA:0,safeconsole.log
DA:867,0
DA:868,0
DA:869,0
DA:870,0
DA:872,0
DA:873,0
DA:874,0
DA:875,0
DA:877,0
DA:878,0
DA:879,0
DA:880,0
DA:882,0
DA:884,0
DA:885,0
DA:886,0
DA:887,0
DA:891,0
FN:891,safeconsole.log
FNDA:0,safeconsole.log
DA:892,0
DA:893,0
DA:894,0
DA:895,0
DA:897,0
DA:898,0
DA:899,0
DA:900,0
DA:902,0
DA:903,0
DA:904,0
DA:905,0
DA:907,0
DA:909,0
DA:910,0
DA:911,0
DA:912,0
DA:916,0
FN:916,safeconsole.log
FNDA:0,safeconsole.log
DA:917,0
DA:918,0
DA:919,0
DA:920,0
DA:921,0
DA:922,0
DA:924,0
FN:924,safeconsole.writeString
FNDA:0,safeconsole.writeString
DA:925,0
DA:926,0
BRDA:926,11,0,-
DA:927,0
DA:928,0
DA:929,0
DA:931,0
DA:932,0
DA:933,0
DA:934,0
DA:935,0
DA:936,0
DA:938,0
DA:939,0
DA:940,0
DA:941,0
DA:942,0
DA:944,0
DA:946,0
DA:947,0
DA:948,0
DA:949,0
DA:950,0
DA:951,0
DA:955,0
FN:955,safeconsole.log
FNDA:0,safeconsole.log
DA:956,0
DA:957,0
DA:958,0
DA:959,0
DA:960,0
DA:961,0
DA:963,0
FN:963,safeconsole.writeString
FNDA:0,safeconsole.writeString
DA:964,0
DA:965,0
BRDA:965,12,0,-
DA:966,0
DA:967,0
DA:968,0
DA:970,0
DA:971,0
DA:972,0
DA:973,0
DA:974,0
DA:975,0
DA:977,0
DA:978,0
DA:979,0
DA:980,0
DA:981,0
DA:983,0
DA:985,0
DA:986,0
DA:987,0
DA:988,0
DA:989,0
DA:990,0
DA:994,0
FN:994,safeconsole.log
FNDA:0,safeconsole.log
DA:995,0
DA:996,0
DA:997,0
DA:998,0
DA:999,0
DA:1000,0
DA:1002,0
FN:1002,safeconsole.writeString
FNDA:0,safeconsole.writeString
DA:1003,0
DA:1004,0
BRDA:1004,13,0,-
DA:1005,0
DA:1006,0
DA:1007,0
DA:1009,0
DA:1010,0
DA:1011,0
DA:1012,0
DA:1013,0
DA:1014,0
DA:1016,0
DA:1017,0
DA:1018,0
DA:1019,0
DA:1020,0
DA:1022,0
DA:1024,0
DA:1025,0
DA:1026,0
DA:1027,0
DA:1028,0
DA:1029,0
DA:1033,0
FN:1033,safeconsole.log
FNDA:0,safeconsole.log
DA:1034,0
DA:1035,0
DA:1036,0
DA:1037,0
DA:1038,0
DA:1039,0
DA:1041,0
FN:1041,safeconsole.writeString
FNDA:0,safeconsole.writeString
DA:1042,0
DA:1043,0
BRDA:1043,14,0,-
DA:1044,0
DA:1045,0
DA:1046,0
DA:1048,0
DA:1049,0
DA:1050,0
DA:1051,0
DA:1052,0
DA:1053,0
DA:1055,0
DA:1056,0
DA:1057,0
DA:1058,0
DA:1059,0
DA:1061,0
DA:1063,0
DA:1064,0
DA:1065,0
DA:1066,0
DA:1067,0
DA:1068,0
DA:1072,0
FN:1072,safeconsole.log
FNDA:0,safeconsole.log
DA:1073,0
DA:1074,0
DA:1075,0
DA:1076,0
DA:1077,0
DA:1078,0
DA:1079,0
DA:1080,0
DA:1082,0
FN:1082,safeconsole.writeString
FNDA:0,safeconsole.writeString
DA:1083,0
DA:1084,0
BRDA:1084,15,0,-
DA:1085,0
DA:1086,0
DA:1087,0
DA:1089,0
DA:1090,0
DA:1091,0
DA:1092,0
DA:1093,0
DA:1094,0
DA:1095,0
DA:1096,0
DA:1098,0
DA:1099,0
DA:1100,0
DA:1101,0
DA:1102,0
DA:1103,0
DA:1105,0
DA:1107,0
DA:1108,0
DA:1109,0
DA:1110,0
DA:1111,0
DA:1112,0
DA:1113,0
DA:1114,0
DA:1118,0
FN:1118,safeconsole.log
FNDA:0,safeconsole.log
DA:1119,0
DA:1120,0
DA:1121,0
DA:1122,0
DA:1124,0
DA:1125,0
DA:1126,0
DA:1127,0
DA:1129,0
DA:1130,0
DA:1131,0
DA:1132,0
DA:1134,0
DA:1136,0
DA:1137,0
DA:1138,0
DA:1139,0
DA:1143,0
FN:1143,safeconsole.log
FNDA:0,safeconsole.log
DA:1144,0
DA:1145,0
DA:1146,0
DA:1147,0
DA:1149,0
DA:1150,0
DA:1151,0
DA:1152,0
DA:1154,0
DA:1155,0
DA:1156,0
DA:1157,0
DA:1159,0
DA:1161,0
DA:1162,0
DA:1163,0
DA:1164,0
DA:1168,0
FN:1168,safeconsole.log
FNDA:0,safeconsole.log
DA:1169,0
DA:1170,0
DA:1171,0
DA:1172,0
DA:1174,0
DA:1175,0
DA:1176,0
DA:1177,0
DA:1179,0
DA:1180,0
DA:1181,0
DA:1182,0
DA:1184,0
DA:1186,0
DA:1187,0
DA:1188,0
DA:1189,0
DA:1193,0
FN:1193,safeconsole.log
FNDA:0,safeconsole.log
DA:1194,0
DA:1195,0
DA:1196,0
DA:1197,0
DA:1198,0
DA:1199,0
DA:1201,0
FN:1201,safeconsole.writeString
FNDA:0,safeconsole.writeString
DA:1202,0
DA:1203,0
BRDA:1203,16,0,-
DA:1204,0
DA:1205,0
DA:1206,0
DA:1208,0
DA:1209,0
DA:1210,0
DA:1211,0
DA:1212,0
DA:1213,0
DA:1215,0
DA:1216,0
DA:1217,0
DA:1218,0
DA:1219,0
DA:1221,0
DA:1223,0
DA:1224,0
DA:1225,0
DA:1226,0
DA:1227,0
DA:1228,0
DA:1232,0
FN:1232,safeconsole.log
FNDA:0,safeconsole.log
DA:1233,0
DA:1234,0
DA:1235,0
DA:1236,0
DA:1238,0
DA:1239,0
DA:1240,0
DA:1241,0
DA:1243,0
DA:1244,0
DA:1245,0
DA:1246,0
DA:1248,0
DA:1250,0
DA:1251,0
DA:1252,0
DA:1253,0
DA:1257,0
FN:1257,safeconsole.log
FNDA:0,safeconsole.log
DA:1258,0
DA:1259,0
DA:1260,0
DA:1261,0
DA:1263,0
DA:1264,0
DA:1265,0
DA:1266,0
DA:1268,0
DA:1269,0
DA:1270,0
DA:1271,0
DA:1273,0
DA:1275,0
DA:1276,0
DA:1277,0
DA:1278,0
DA:1282,0
FN:1282,safeconsole.log
FNDA:0,safeconsole.log
DA:1283,0
DA:1284,0
DA:1285,0
DA:1286,0
DA:1288,0
DA:1289,0
DA:1290,0
DA:1291,0
DA:1293,0
DA:1294,0
DA:1295,0
DA:1296,0
DA:1298,0
DA:1300,0
DA:1301,0
DA:1302,0
DA:1303,0
DA:1307,0
FN:1307,safeconsole.log
FNDA:0,safeconsole.log
DA:1308,0
DA:1309,0
DA:1310,0
DA:1311,0
[...]
FNDA:0,safeconsole.writeString
DA:12248,0
DA:12249,0
BRDA:12249,202,0,-
DA:12250,0
DA:12251,0
DA:12252,0
DA:12254,0
DA:12255,0
DA:12256,0
DA:12257,0
DA:12258,0
DA:12259,0
DA:12260,0
DA:12261,0
DA:12262,0
DA:12264,0
DA:12265,0
DA:12266,0
DA:12267,0
DA:12268,0
DA:12269,0
DA:12270,0
DA:12272,0
DA:12274,0
DA:12275,0
DA:12276,0
DA:12277,0
DA:12278,0
DA:12279,0
DA:12280,0
DA:12281,0
DA:12282,0
DA:12286,0
FN:12286,safeconsole.log
FNDA:0,safeconsole.log
DA:12287,0
DA:12288,0
DA:12289,0
DA:12290,0
DA:12291,0
DA:12292,0
DA:12293,0
DA:12294,0
DA:12295,0
DA:12297,0
FN:12297,safeconsole.writeString
FNDA:0,safeconsole.writeString
DA:12298,0
DA:12299,0
BRDA:12299,203,0,-
DA:12300,0
DA:12301,0
DA:12302,0
DA:12304,0
DA:12305,0
DA:12306,0
DA:12307,0
DA:12308,0
DA:12309,0
DA:12310,0
DA:12311,0
DA:12312,0
DA:12314,0
DA:12315,0
DA:12316,0
DA:12317,0
DA:12318,0
DA:12319,0
DA:12320,0
DA:12322,0
DA:12324,0
DA:12325,0
DA:12326,0
DA:12327,0
DA:12328,0
DA:12329,0
DA:12330,0
DA:12331,0
DA:12332,0
DA:12336,0
FN:12336,safeconsole.log
FNDA:0,safeconsole.log
DA:12337,0
DA:12338,0
DA:12339,0
DA:12340,0
DA:12341,0
DA:12342,0
DA:12343,0
DA:12344,0
DA:12345,0
DA:12346,0
DA:12347,0
DA:12349,0
FN:12349,safeconsole.writeString
FNDA:0,safeconsole.writeString
DA:12350,0
DA:12351,0
BRDA:12351,204,0,-
DA:12352,0
DA:12353,0
DA:12354,0
DA:12356,0
DA:12357,0
DA:12358,0
DA:12359,0
DA:12360,0
DA:12361,0
DA:12362,0
DA:12363,0
DA:12364,0
DA:12365,0
DA:12366,0
DA:12368,0
DA:12369,0
DA:12370,0
DA:12371,0
DA:12372,0
DA:12373,0
DA:12374,0
DA:12375,0
DA:12377,0
DA:12379,0
DA:12380,0
DA:12381,0
DA:12382,0
DA:12383,0
DA:12384,0
DA:12385,0
DA:12386,0
DA:12387,0
DA:12388,0
DA:12389,0
DA:12393,0
FN:12393,safeconsole.log
FNDA:0,safeconsole.log
DA:12394,0
DA:12395,0
DA:12396,0
DA:12397,0
DA:12398,0
DA:12399,0
DA:12400,0
DA:12401,0
DA:12402,0
DA:12404,0
FN:12404,safeconsole.writeString
FNDA:0,safeconsole.writeString
DA:12405,0
DA:12406,0
BRDA:12406,205,0,-
DA:12407,0
DA:12408,0
DA:12409,0
DA:12411,0
DA:12412,0
DA:12413,0
DA:12414,0
DA:12415,0
DA:12416,0
DA:12417,0
DA:12418,0
DA:12419,0
DA:12421,0
DA:12422,0
DA:12423,0
DA:12424,0
DA:12425,0
DA:12426,0
DA:12427,0
DA:12429,0
DA:12431,0
DA:12432,0
DA:12433,0
DA:12434,0
DA:12435,0
DA:12436,0
DA:12437,0
DA:12438,0
DA:12439,0
DA:12443,0
FN:12443,safeconsole.log
FNDA:0,safeconsole.log
DA:12444,0
DA:12445,0
DA:12446,0
DA:12447,0
DA:12448,0
DA:12449,0
DA:12450,0
DA:12451,0
DA:12452,0
DA:12454,0
FN:12454,safeconsole.writeString
FNDA:0,safeconsole.writeString
DA:12455,0
DA:12456,0
BRDA:12456,206,0,-
DA:12457,0
DA:12458,0
DA:12459,0
DA:12461,0
DA:12462,0
DA:12463,0
DA:12464,0
DA:12465,0
DA:12466,0
DA:12467,0
DA:12468,0
DA:12469,0
DA:12471,0
DA:12472,0
DA:12473,0
DA:12474,0
DA:12475,0
DA:12476,0
DA:12477,0
DA:12479,0
DA:12481,0
DA:12482,0
DA:12483,0
DA:12484,0
DA:12485,0
DA:12486,0
DA:12487,0
DA:12488,0
DA:12489,0
DA:12493,0
FN:12493,safeconsole.log
FNDA:0,safeconsole.log
DA:12494,0
DA:12495,0
DA:12496,0
DA:12497,0
DA:12498,0
DA:12499,0
DA:12500,0
DA:12501,0
DA:12502,0
DA:12504,0
FN:12504,safeconsole.writeString
FNDA:0,safeconsole.writeString
DA:12505,0
DA:12506,0
BRDA:12506,207,0,-
DA:12507,0
DA:12508,0
DA:12509,0
DA:12511,0
DA:12512,0
DA:12513,0
DA:12514,0
DA:12515,0
DA:12516,0
DA:12517,0
DA:12518,0
DA:12519,0
DA:12521,0
DA:12522,0
DA:12523,0
DA:12524,0
DA:12525,0
DA:12526,0
DA:12527,0
DA:12529,0
DA:12531,0
DA:12532,0
DA:12533,0
DA:12534,0
DA:12535,0
DA:12536,0
DA:12537,0
DA:12538,0
DA:12539,0
DA:12543,0
FN:12543,safeconsole.log
FNDA:0,safeconsole.log
DA:12544,0
DA:12545,0
DA:12546,0
DA:12547,0
DA:12548,0
DA:12549,0
DA:12550,0
DA:12551,0
DA:12552,0
DA:12553,0
DA:12554,0
DA:12556,0
FN:12556,safeconsole.writeString
FNDA:0,safeconsole.writeString
DA:12557,0
DA:12558,0
BRDA:12558,208,0,-
DA:12559,0
DA:12560,0
DA:12561,0
DA:12563,0
DA:12564,0
DA:12565,0
DA:12566,0
DA:12567,0
DA:12568,0
DA:12569,0
DA:12570,0
DA:12571,0
DA:12572,0
DA:12573,0
DA:12575,0
DA:12576,0
DA:12577,0
DA:12578,0
DA:12579,0
DA:12580,0
DA:12581,0
DA:12582,0
DA:12584,0
DA:12586,0
DA:12587,0
DA:12588,0
DA:12589,0
DA:12590,0
DA:12591,0
DA:12592,0
DA:12593,0
DA:12594,0
DA:12595,0
DA:12596,0
DA:12600,0
FN:12600,safeconsole.log
FNDA:0,safeconsole.log
DA:12601,0
DA:12602,0
DA:12603,0
DA:12604,0
DA:12605,0
DA:12606,0
DA:12607,0
DA:12608,0
DA:12609,0
DA:12611,0
FN:12611,safeconsole.writeString
FNDA:0,safeconsole.writeString
DA:12612,0
DA:12613,0
BRDA:12613,209,0,-
DA:12614,0
DA:12615,0
DA:12616,0
DA:12618,0
DA:12619,0
DA:12620,0
DA:12621,0
DA:12622,0
DA:12623,0
DA:12624,0
DA:12625,0
DA:12626,0
DA:12628,0
DA:12629,0
DA:12630,0
DA:12631,0
DA:12632,0
DA:12633,0
DA:12634,0
DA:12636,0
DA:12638,0
DA:12639,0
DA:12640,0
DA:12641,0
DA:12642,0
DA:12643,0
DA:12644,0
DA:12645,0
DA:12646,0
DA:12650,0
FN:12650,safeconsole.log
FNDA:0,safeconsole.log
DA:12651,0
DA:12652,0
DA:12653,0
DA:12654,0
DA:12655,0
DA:12656,0
DA:12657,0
DA:12658,0
DA:12659,0
DA:12661,0
FN:12661,safeconsole.writeString
FNDA:0,safeconsole.writeString
DA:12662,0
DA:12663,0
BRDA:12663,210,0,-
DA:12664,0
DA:12665,0
DA:12666,0
DA:12668,0
DA:12669,0
DA:12670,0
DA:12671,0
DA:12672,0
DA:12673,0
DA:12674,0
DA:12675,0
DA:12676,0
DA:12678,0
DA:12679,0
DA:12680,0
DA:12681,0
DA:12682,0
DA:12683,0
DA:12684,0
DA:12686,0
DA:12688,0
DA:12689,0
DA:12690,0
DA:12691,0
DA:12692,0
DA:12693,0
DA:12694,0
DA:12695,0
DA:12696,0
DA:12700,0
FN:12700,safeconsole.log
FNDA:0,safeconsole.log
DA:12701,0
DA:12702,0
DA:12703,0
DA:12704,0
DA:12705,0
DA:12706,0
DA:12707,0
DA:12708,0
DA:12709,0
DA:12711,0
FN:12711,safeconsole.writeString
FNDA:0,safeconsole.writeString
DA:12712,0
DA:12713,0
BRDA:12713,211,0,-
DA:12714,0
DA:12715,0
DA:12716,0
DA:12718,0
DA:12719,0
DA:12720,0
DA:12721,0
DA:12722,0
DA:12723,0
DA:12724,0
DA:12725,0
DA:12726,0
DA:12728,0
DA:12729,0
DA:12730,0
DA:12731,0
DA:12732,0
DA:12733,0
DA:12734,0
DA:12736,0
DA:12738,0
DA:12739,0
DA:12740,0
DA:12741,0
DA:12742,0
DA:12743,0
DA:12744,0
DA:12745,0
DA:12746,0
DA:12750,0
FN:12750,safeconsole.log
FNDA:0,safeconsole.log
DA:12751,0
DA:12752,0
DA:12753,0
DA:12754,0
DA:12755,0
DA:12756,0
DA:12757,0
DA:12758,0
DA:12759,0
DA:12760,0
DA:12761,0
DA:12763,0
FN:12763,safeconsole.writeString
FNDA:0,safeconsole.writeString
DA:12764,0
DA:12765,0
BRDA:12765,212,0,-
DA:12766,0
DA:12767,0
DA:12768,0
DA:12770,0
DA:12771,0
DA:12772,0
DA:12773,0
DA:12774,0
DA:12775,0
DA:12776,0
DA:12777,0
DA:12778,0
DA:12779,0
DA:12780,0
DA:12782,0
DA:12783,0
DA:12784,0
DA:12785,0
DA:12786,0
DA:12787,0
DA:12788,0
DA:12789,0
DA:12791,0
DA:12793,0
DA:12794,0
DA:12795,0
DA:12796,0
DA:12797,0
DA:12798,0
DA:12799,0
DA:12800,0
DA:12801,0
DA:12802,0
DA:12803,0
DA:12807,0
FN:12807,safeconsole.log
FNDA:0,safeconsole.log
DA:12808,0
DA:12809,0
DA:12810,0
DA:12811,0
DA:12812,0
DA:12813,0
DA:12814,0
DA:12815,0
DA:12816,0
DA:12818,0
FN:12818,safeconsole.writeString
FNDA:0,safeconsole.writeString
DA:12819,0
DA:12820,0
BRDA:12820,213,0,-
DA:12821,0
DA:12822,0
DA:12823,0
DA:12825,0
DA:12826,0
DA:12827,0
DA:12828,0
DA:12829,0
DA:12830,0
DA:12831,0
DA:12832,0
DA:12833,0
DA:12835,0
DA:12836,0
DA:12837,0
DA:12838,0
DA:12839,0
DA:12840,0
DA:12841,0
DA:12843,0
DA:12845,0
DA:12846,0
DA:12847,0
DA:12848,0
DA:12849,0
DA:12850,0
DA:12851,0
DA:12852,0
DA:12853,0
DA:12857,0
FN:12857,safeconsole.log
FNDA:0,safeconsole.log
DA:12858,0
DA:12859,0
DA:12860,0
DA:12861,0
DA:12862,0
DA:12863,0
DA:12864,0
DA:12865,0
DA:12866,0
DA:12868,0
FN:12868,safeconsole.writeString
FNDA:0,safeconsole.writeString
DA:12869,0
DA:12870,0
BRDA:12870,214,0,-
DA:12871,0
DA:12872,0
DA:12873,0
DA:12875,0
DA:12876,0
DA:12877,0
DA:12878,0
DA:12879,0
DA:12880,0
DA:12881,0
DA:12882,0
DA:12883,0
DA:12885,0
DA:12886,0
DA:12887,0
DA:12888,0
DA:12889,0
DA:12890,0
DA:12891,0
DA:12893,0
DA:12895,0
DA:12896,0
DA:12897,0
DA:12898,0
DA:12899,0
DA:12900,0
DA:12901,0
DA:12902,0
DA:12903,0
DA:12907,0
FN:12907,safeconsole.log
FNDA:0,safeconsole.log
DA:12908,0
DA:12909,0
DA:12910,0
DA:12911,0
DA:12912,0
DA:12913,0
DA:12914,0
DA:12915,0
DA:12916,0
DA:12918,0
FN:12918,safeconsole.writeString
FNDA:0,safeconsole.writeString
DA:12919,0
DA:12920,0
BRDA:12920,215,0,-
DA:12921,0
DA:12922,0
DA:12923,0
DA:12925,0
DA:12926,0
DA:12927,0
DA:12928,0
DA:12929,0
DA:12930,0
DA:12931,0
DA:12932,0
DA:12933,0
DA:12935,0
DA:12936,0
DA:12937,0
DA:12938,0
DA:12939,0
DA:12940,0
DA:12941,0
DA:12943,0
DA:12945,0
DA:12946,0
DA:12947,0
DA:12948,0
DA:12949,0
DA:12950,0
DA:12951,0
DA:12952,0
DA:12953,0
DA:12957,0
FN:12957,safeconsole.log
FNDA:0,safeconsole.log
DA:12958,0
DA:12959,0
DA:12960,0
DA:12961,0
DA:12962,0
DA:12963,0
DA:12964,0
DA:12965,0
DA:12966,0
DA:12967,0
DA:12968,0
DA:12970,0
FN:12970,safeconsole.writeString
FNDA:0,safeconsole.writeString
DA:12971,0
DA:12972,0
BRDA:12972,216,0,-
DA:12973,0
DA:12974,0
DA:12975,0
DA:12977,0
DA:12978,0
DA:12979,0
DA:12980,0
DA:12981,0
DA:12982,0
DA:12983,0
DA:12984,0
DA:12985,0
DA:12986,0
DA:12987,0
DA:12989,0
DA:12990,0
DA:12991,0
DA:12992,0
DA:12993,0
DA:12994,0
DA:12995,0
DA:12996,0
DA:12998,0
DA:13000,0
DA:13001,0
DA:13002,0
DA:13003,0
DA:13004,0
DA:13005,0
DA:13006,0
DA:13007,0
DA:13008,0
DA:13009,0
DA:13010,0
DA:13014,0
FN:13014,safeconsole.log
FNDA:0,safeconsole.log
DA:13015,0
DA:13016,0
DA:13017,0
DA:13018,0
DA:13019,0
DA:13020,0
DA:13021,0
DA:13022,0
DA:13023,0
DA:13024,0
DA:13025,0
DA:13027,0
FN:13027,safeconsole.writeString
FNDA:0,safeconsole.writeString
DA:13028,0
DA:13029,0
BRDA:13029,217,0,-
DA:13030,0
DA:13031,0
DA:13032,0
DA:13034,0
DA:13035,0
DA:13036,0
DA:13037,0
DA:13038,0
DA:13039,0
DA:13040,0
DA:13041,0
DA:13042,0
DA:13043,0
DA:13044,0
DA:13046,0
DA:13047,0
DA:13048,0
DA:13049,0
DA:13050,0
DA:13051,0
DA:13052,0
DA:13053,0
DA:13055,0
DA:13057,0
DA:13058,0
DA:13059,0
DA:13060,0
DA:13061,0
DA:13062,0
DA:13063,0
DA:13064,0
DA:13065,0
DA:13066,0
DA:13067,0
DA:13071,0
FN:13071,safeconsole.log
FNDA:0,safeconsole.log
DA:13072,0
DA:13073,0
DA:13074,0
DA:13075,0
DA:13076,0
DA:13077,0
DA:13078,0
DA:13079,0
DA:13080,0
DA:13081,0
DA:13082,0
DA:13084,0
FN:13084,safeconsole.writeString
FNDA:0,safeconsole.writeString
DA:13085,0
DA:13086,0
BRDA:13086,218,0,-
DA:13087,0
DA:13088,0
DA:13089,0
DA:13091,0
DA:13092,0
DA:13093,0
DA:13094,0
DA:13095,0
DA:13096,0
DA:13097,0
DA:13098,0
DA:13099,0
DA:13100,0
DA:13101,0
DA:13103,0
DA:13104,0
DA:13105,0
DA:13106,0
DA:13107,0
DA:13108,0
DA:13109,0
DA:13110,0
DA:13112,0
DA:13114,0
DA:13115,0
DA:13116,0
DA:13117,0
DA:13118,0
DA:13119,0
DA:13120,0
DA:13121,0
DA:13122,0
DA:13123,0
DA:13124,0
DA:13128,0
FN:13128,safeconsole.log
FNDA:0,safeconsole.log
DA:13129,0
DA:13130,0
DA:13131,0
DA:13132,0
DA:13133,0
DA:13134,0
DA:13135,0
DA:13136,0
DA:13137,0
DA:13138,0
DA:13139,0
DA:13141,0
FN:13141,safeconsole.writeString
FNDA:0,safeconsole.writeString
DA:13142,0
DA:13143,0
BRDA:13143,219,0,-
DA:13144,0
DA:13145,0
DA:13146,0
DA:13148,0
DA:13149,0
DA:13150,0
DA:13151,0
DA:13152,0
DA:13153,0
DA:13154,0
DA:13155,0
DA:13156,0
DA:13157,0
DA:13158,0
DA:13160,0
DA:13161,0
DA:13162,0
DA:13163,0
DA:13164,0
DA:13165,0
DA:13166,0
DA:13167,0
DA:13169,0
DA:13171,0
DA:13172,0
DA:13173,0
DA:13174,0
DA:13175,0
DA:13176,0
DA:13177,0
DA:13178,0
DA:13179,0
DA:13180,0
DA:13181,0
DA:13185,0
FN:13185,safeconsole.log
FNDA:0,safeconsole.log
DA:13186,0
DA:13187,0
DA:13188,0
DA:13189,0
DA:13190,0
DA:13191,0
DA:13192,0
DA:13193,0
DA:13194,0
DA:13195,0
DA:13196,0
DA:13197,0
DA:13198,0
DA:13200,0
FN:13200,safeconsole.writeString
FNDA:0,safeconsole.writeString
DA:13201,0
DA:13202,0
BRDA:13202,220,0,-
DA:13203,0
DA:13204,0
DA:13205,0
DA:13207,0
DA:13208,0
DA:13209,0
DA:13210,0
DA:13211,0
DA:13212,0
DA:13213,0
DA:13214,0
DA:13215,0
DA:13216,0
DA:13217,0
DA:13218,0
DA:13219,0
DA:13221,0
DA:13222,0
DA:13223,0
DA:13224,0
DA:13225,0
DA:13226,0
DA:13227,0
DA:13228,0
DA:13229,0
DA:13231,0
DA:13233,0
DA:13234,0
DA:13235,0
DA:13236,0
DA:13237,0
DA:13238,0
DA:13239,0
DA:13240,0
DA:13241,0
DA:13242,0
DA:13243,0
DA:13244,0
DA:13245,0
FNF:565
FNH:0
LF:10604
LH:0
BRF:222
BRH:0
end_of_record
TN:
SF:lib/solmate/src/tokens/ERC20.sol
DA:51,184680
FN:51,ERC20.constructor
FNDA:184680,ERC20.constructor
DA:56,184680
DA:57,184680
DA:58,184680
DA:60,184680
DA:61,184680
DA:68,374901
FN:68,ERC20.approve
FNDA:374901,ERC20.approve
DA:69,374901
DA:71,374901
DA:73,374901
DA:76,61421
FN:76,ERC20.transfer
FNDA:61421,ERC20.transfer
DA:77,61421
DA:82,61421
DA:85,61421
DA:87,61421
DA:90,349884
FN:90,ERC20.transferFrom
FNDA:349884,ERC20.transferFrom
DA:95,349884
DA:97,349884
BRDA:97,0,0,303570
DA:99,312464
DA:104,167978
DA:107,167978
DA:109,167978
DA:116,0
FN:116,ERC20.permit
FNDA:0,ERC20.permit
DA:125,0
BRDA:125,1,0,-
BRDA:125,1,1,-
DA:130,0
DA:154,0
BRDA:154,2,0,-
BRDA:154,2,1,-
DA:156,0
DA:159,0
DA:162,0
FN:162,ERC20.DOMAIN_SEPARATOR
FNDA:0,ERC20.DOMAIN_SEPARATOR
DA:163,0
DA:166,184680
FN:166,ERC20.computeDomainSeparator
FNDA:184680,ERC20.computeDomainSeparator
DA:167,184680
DA:168,184680
DA:183,527195
FN:183,ERC20._mint
FNDA:527195,ERC20._mint
DA:184,527195
DA:189,525961
DA:192,525961
DA:195,104469
FN:195,ERC20._burn
FNDA:104469,ERC20._burn
DA:196,104469
DA:201,61421
DA:204,61421
FNF:9
FNH:7
LF:41
LH:33
BRF:5
BRH:1
end_of_record
TN:
SF:lib/solmate/src/tokens/ERC4626.sol
DA:34,92340
FN:34,ERC4626.constructor
FNDA:92340,ERC4626.constructor
DA:39,92340
DA:46,91890
FN:46,ERC4626.deposit
FNDA:91890,ERC4626.deposit
DA:48,91890
BRDA:48,0,0,1103
BRDA:48,0,1,90787
DA:51,90787
DA:53,41871
DA:55,41871
DA:57,41871
DA:60,265841
FN:60,ERC4626.mint
FNDA:265841,ERC4626.mint
DA:61,265841
DA:64,259097
DA:66,126107
DA:68,126107
DA:70,126107
DA:73,36728
FN:73,ERC4626.withdraw
FNDA:36728,ERC4626.withdraw
DA:78,36728
DA:80,36728
BRDA:80,1,0,14171
DA:81,14171
DA:83,14171
BRDA:83,2,0,14171
DA:86,22557
DA:88,22557
DA:90,22557
DA:92,22557
DA:95,136228
FN:95,ERC4626.redeem
FNDA:136228,ERC4626.redeem
DA:100,136228
BRDA:100,3,0,30121
DA:101,30121
DA:103,30121
BRDA:103,4,0,30121
DA:107,106107
BRDA:107,5,0,1190
BRDA:107,5,1,81912
DA:109,81912
DA:111,81912
DA:113,38864
DA:115,38864
DA:124,127515
FN:124,ERC4626.convertToShares
FNDA:127515,ERC4626.convertToShares
DA:125,219405
DA:127,219405
DA:130,0
FN:130,ERC4626.convertToAssets
FNDA:0,ERC4626.convertToAssets
DA:131,234979
DA:133,234979
DA:136,0
FN:136,ERC4626.previewDeposit
FNDA:0,ERC4626.previewDeposit
DA:137,91890
DA:140,274818
FN:140,ERC4626.previewMint
FNDA:274818,ERC4626.previewMint
DA:141,540659
DA:143,540659
DA:146,36728
FN:146,ERC4626.previewWithdraw
FNDA:36728,ERC4626.previewWithdraw
DA:147,73456
DA:149,73456
DA:152,37355
FN:152,ERC4626.previewRedeem
FNDA:37355,ERC4626.previewRedeem
DA:153,143462
DA:160,90787
FN:160,ERC4626.maxDeposit
FNDA:90787,ERC4626.maxDeposit
DA:161,90787
DA:164,91798
FN:164,ERC4626.maxMint
FNDA:91798,ERC4626.maxMint
DA:165,91798
DA:168,91517
FN:168,ERC4626.maxWithdraw
FNDA:91517,ERC4626.maxWithdraw
DA:169,91517
DA:172,108354
FN:172,ERC4626.maxRedeem
FNDA:108354,ERC4626.maxRedeem
DA:173,108354
DA:180,104469
FN:180,ERC4626.beforeWithdraw
FNDA:104469,ERC4626.beforeWithdraw
DA:182,167978
FN:182,ERC4626.afterDeposit
FNDA:167978,ERC4626.afterDeposit
FNF:17
FNH:15
LF:58
LH:56
BRF:8
BRH:8
end_of_record
TN:
SF:lib/solmate/src/utils/FixedPointMathLib.sol
DA:16,0
FN:16,FixedPointMathLib.mulWadDown
FNDA:0,FixedPointMathLib.mulWadDown
DA:17,0
DA:20,0
FN:20,FixedPointMathLib.mulWadUp
FNDA:0,FixedPointMathLib.mulWadUp
DA:21,0
DA:24,0
FN:24,FixedPointMathLib.divWadDown
FNDA:0,FixedPointMathLib.divWadDown
DA:25,0
DA:28,0
FN:28,FixedPointMathLib.divWadUp
FNDA:0,FixedPointMathLib.divWadUp
DA:29,0
DA:36,289592
FN:36,FixedPointMathLib.mulDivDown
FNDA:289592,FixedPointMathLib.mulDivDown
DA:44,289592
BRDA:44,0,0,23005
DA:45,23005
DA:49,266587
DA:53,286130
FN:53,FixedPointMathLib.mulDivUp
FNDA:286130,FixedPointMathLib.mulDivUp
DA:61,286130
BRDA:61,1,0,13300
DA:62,13300
DA:67,272830
DA:71,0
FN:71,FixedPointMathLib.rpow
FNDA:0,FixedPointMathLib.rpow
DA:79,0
DA:81,0
DA:83,0
DA:85,0
DA:87,0
DA:90,0
DA:92,0
DA:94,0
DA:96,0
DA:98,0
DA:102,0
DA:106,0
DA:109,0
DA:110,0
DA:113,0
BRDA:113,2,0,-
DA:114,0
DA:118,0
DA:121,0
DA:124,0
BRDA:124,3,0,-
DA:125,0
DA:129,0
DA:132,0
BRDA:132,4,0,-
DA:134,0
DA:137,0
BRDA:137,5,0,-
DA:139,0
BRDA:139,6,0,-
DA:140,0
DA:145,0
DA:148,0
BRDA:148,7,0,-
DA:149,0
DA:153,0
DA:164,0
FN:164,FixedPointMathLib.sqrt
FNDA:0,FixedPointMathLib.sqrt
DA:167,0
DA:169,0
DA:176,0
BRDA:176,8,0,-
DA:177,0
DA:178,0
DA:180,0
BRDA:180,9,0,-
DA:181,0
DA:182,0
DA:184,0
BRDA:184,10,0,-
DA:185,0
DA:186,0
DA:188,0
BRDA:188,11,0,-
DA:189,0
DA:190,0
DA:209,0
DA:212,0
DA:213,0
DA:214,0
DA:215,0
DA:216,0
DA:217,0
DA:218,0
DA:225,0
DA:229,0
FN:229,FixedPointMathLib.unsafeMod
FNDA:0,FixedPointMathLib.unsafeMod
DA:234,0
DA:238,0
FN:238,FixedPointMathLib.unsafeDiv
FNDA:0,FixedPointMathLib.unsafeDiv
DA:243,0
DA:247,0
FN:247,FixedPointMathLib.unsafeDivUp
FNDA:0,FixedPointMathLib.unsafeDivUp
DA:252,0
FNF:11
FNH:2
LF:77
LH:8
BRF:12
BRH:2
end_of_record
TN:
SF:lib/solmate/src/utils/SafeTransferLib.sol
DA:14,0
FN:14,SafeTransferLib.safeTransferETH
FNDA:0,SafeTransferLib.safeTransferETH
DA:15,0
DA:20,0
DA:23,0
BRDA:23,0,0,-
BRDA:23,0,1,-
DA:30,349884
FN:30,SafeTransferLib.safeTransferFrom
FNDA:349884,SafeTransferLib.safeTransferFrom
DA:36,349884
DA:41,349884
DA:44,349884
DA:45,349884
DA:46,349884
DA:47,349884
DA:51,349884
DA:55,349884
BRDA:55,1,0,-
DA:56,0
DA:60,349884
BRDA:60,2,0,181906
BRDA:60,2,1,167978
DA:63,61421
FN:63,SafeTransferLib.safeTransfer
FNDA:61421,SafeTransferLib.safeTransfer
DA:68,61421
DA:73,61421
DA:76,61421
DA:77,61421
DA:78,61421
DA:82,61421
DA:86,61421
BRDA:86,3,0,-
DA:87,0
DA:91,61421
BRDA:91,4,0,-
BRDA:91,4,1,61421
DA:94,0
FN:94,SafeTransferLib.safeApprove
FNDA:0,SafeTransferLib.safeApprove
DA:99,0
DA:104,0
DA:107,0
DA:108,0
DA:109,0
DA:113,0
DA:117,0
BRDA:117,5,0,-
DA:118,0
DA:122,0
BRDA:122,6,0,-
BRDA:122,6,1,-
FNF:4
FNH:2
LF:35
LH:19
BRF:11
BRH:3
end_of_record
TN:
SF:src/Mocks.sol
DA:11,359217
FN:11,ERC20Mock.mint
FNDA:359217,ERC20Mock.mint
DA:12,359217
DA:20,0
FN:20,ERC4626Mock.totalAssets
FNDA:0,ERC4626Mock.totalAssets
DA:21,575722
FNF:2
FNH:1
LF:4
LH:3
BRF:0
BRH:0
end_of_record
TN:
SF:test/Setup.sol
DA:14,92340
FN:14,Setup.setUp
FNDA:92340,Setup.setUp
DA:15,92340
DA:16,92340
DA:18,92340
DA:19,92340
FNF:1
FNH:1
LF:5
LH:5
BRF:0
BRH:0
end_of_record
TN:
SF:test/TargetFunction.sol
DA:8,90985
FN:8,TargetFunction.vault_withdraw_not_owner
FNDA:90985,TargetFunction.vault_withdraw_not_owner
DA:9,90985
DA:10,90985
DA:11,1103
DA:12,1103
DA:13,0
DA:14,0
DA:16,0
DA:17,0
DA:19,0
DA:20,0
DA:23,91222
FN:23,TargetFunction.vault_redeem_not_owner
FNDA:91222,TargetFunction.vault_redeem_not_owner
DA:24,91222
DA:25,91222
DA:26,84666
DA:27,83058
DA:28,83058
DA:29,83058
DA:30,83058
DA:32,15815
DA:33,15815
DA:35,15815
DA:36,15815
DA:38,15815
DA:40,15815
DA:41,15815
DA:46,90787
FN:46,TargetFunction.vault_deposit
FNDA:90787,TargetFunction.vault_deposit
DA:47,90787
DA:49,90787
DA:50,90787
DA:52,90787
DA:53,90787
DA:54,90787
DA:57,91798
FN:57,TargetFunction.vault_mint
FNDA:91798,TargetFunction.vault_mint
DA:58,91798
DA:60,91798
DA:61,91798
DA:63,91798
DA:64,91798
DA:65,91798
DA:66,91798
DA:69,91517
FN:69,TargetFunction.vault_withdraw
FNDA:91517,TargetFunction.vault_withdraw
DA:70,91517
DA:71,91517
DA:73,36728
DA:75,36728
DA:76,36728
DA:78,36728
DA:81,92539
FN:81,TargetFunction.vault_redeem
FNDA:92539,TargetFunction.vault_redeem
DA:82,92539
DA:83,92539
DA:85,37355
DA:87,37355
DA:89,37355
DA:92,0
FN:92,TargetFunction.vault_maxDeposit
FNDA:0,TargetFunction.vault_maxDeposit
DA:93,0
DA:96,0
FN:96,TargetFunction.vault_maxMint
FNDA:0,TargetFunction.vault_maxMint
DA:97,0
DA:100,0
FN:100,TargetFunction.vault_convertToShares
FNDA:0,TargetFunction.vault_convertToShares
DA:101,0
DA:104,0
FN:104,TargetFunction.vault_previewMint
FNDA:0,TargetFunction.vault_previewMint
DA:105,0
DA:108,0
FN:108,TargetFunction.vault_previewWithdraw
FNDA:0,TargetFunction.vault_previewWithdraw
DA:109,0
DA:112,0
FN:112,TargetFunction.vault_previewRedeem
FNDA:0,TargetFunction.vault_previewRedeem
DA:113,0
DA:116,0
FN:116,TargetFunction.vault_maxWithdraw
FNDA:0,TargetFunction.vault_maxWithdraw
DA:117,0
DA:120,0
FN:120,TargetFunction.vault_maxRedeem
FNDA:0,TargetFunction.vault_maxRedeem
DA:121,0
FNF:14
FNH:6
LF:70
LH:48
BRF:0
BRH:0
end_of_record
